{"meta": {"format": 3, "version": "7.13.0", "timestamp": "2026-02-16T07:42:56.260569", "branch_coverage": false, "show_contexts": false}, "files": {"api/src/__init__.py": {"executed_lines": [0], "summary": {"covered_lines": 0, "num_statements": 0, "percent_covered": 100.0, "percent_covered_display": "100", "missing_lines": 0, "excluded_lines": 0, "percent_statements_covered": 100.0, "percent_statements_covered_display": "100"}, "missing_lines": [], "excluded_lines": [], "functions": {"": {"executed_lines": [], "summary": {"covered_lines": 0, "num_statements": 0, "percent_covered": 100.0, "percent_covered_display": "100", "missing_lines": 0, "excluded_lines": 0, "percent_statements_covered": 100.0, "percent_statements_covered_display": "100"}, "missing_lines": [], "excluded_lines": []}}, "classes": {"": {"executed_lines": [], "summary": {"covered_lines": 0, "num_statements": 0, "percent_covered": 100.0, "percent_covered_display": "100", "missing_lines": 0, "excluded_lines": 0, "percent_statements_covered": 100.0, "percent_statements_covered_display": "100"}, "missing_lines": [], "excluded_lines": []}}}, "api/src/cache_integration.py": {"executed_lines": [], "summary": {"covered_lines": 0, "num_statements": 111, "percent_covered": 0.0, "percent_covered_display": "0", "missing_lines": 111, "excluded_lines": 0, "percent_statements_covered": 0.0, "percent_statements_covered_display": "0"}, "missing_lines": [6, 7, 8, 9, 12, 13, 14, 15, 17, 20, 22, 25, 28, 49, 50, 53, 56, 57, 58, 59, 61, 63, 64, 66, 67, 68, 69, 70, 72, 74, 75, 77, 78, 79, 80, 81, 83, 85, 86, 88, 89, 90, 91, 92, 94, 98, 99, 101, 102, 103, 104, 105, 107, 109, 110, 112, 113, 114, 115, 116, 118, 120, 121, 123, 124, 125, 126, 127, 131, 134, 145, 147, 150, 153, 154, 155, 156, 159, 160, 162, 163, 164, 166, 169, 180, 182, 185, 188, 189, 190, 191, 194, 195, 197, 198, 199, 201, 204, 215, 217, 220, 221, 222, 223, 226, 227, 229, 230, 231, 233, 237], "excluded_lines": [], "functions": {"generate_image_hash": {"executed_lines": [], "summary": {"covered_lines": 0, "num_statements": 1, "percent_covered": 0.0, "percent_covered_display": "0", "missing_lines": 1, "excluded_lines": 0, "percent_statements_covered": 0.0, "percent_statements_covered_display": "0"}, "missing_lines": [22], "excluded_lines": []}, "generate_split_cache_key": {"executed_lines": [], "summary": {"covered_lines": 0, "num_statements": 3, "percent_covered": 0.0, "percent_covered_display": "0", "missing_lines": 3, "excluded_lines": 0, "percent_statements_covered": 0.0, "percent_statements_covered_display": "0"}, "missing_lines": [28, 49, 50], "excluded_lines": []}, "CacheIntegration.__init__": {"executed_lines": [], "summary": {"covered_lines": 0, "num_statements": 3, "percent_covered": 0.0, "percent_covered_display": "0", "missing_lines": 3, "excluded_lines": 0, "percent_statements_covered": 0.0, "percent_statements_covered_display": "0"}, "missing_lines": [57, 58, 59], "excluded_lines": []}, "CacheIntegration.get_cached_ocr_result": {"executed_lines": [], "summary": {"covered_lines": 0, "num_statements": 7, "percent_covered": 0.0, "percent_covered_display": "0", "missing_lines": 7, "excluded_lines": 0, "percent_statements_covered": 0.0, "percent_statements_covered_display": "0"}, "missing_lines": [63, 64, 66, 67, 68, 69, 70], "excluded_lines": []}, "CacheIntegration.cache_ocr_result": {"executed_lines": [], "summary": {"covered_lines": 0, "num_statements": 7, "percent_covered": 0.0, "percent_covered_display": "0", "missing_lines": 7, "excluded_lines": 0, "percent_statements_covered": 0.0, "percent_statements_covered_display": "0"}, "missing_lines": [74, 75, 77, 78, 79, 80, 81], "excluded_lines": []}, "CacheIntegration.get_cached_split_result": {"executed_lines": [], "summary": {"covered_lines": 0, "num_statements": 7, "percent_covered": 0.0, "percent_covered_display": "0", "missing_lines": 7, "excluded_lines": 0, "percent_statements_covered": 0.0, "percent_statements_covered_display": "0"}, "missing_lines": [85, 86, 88, 89, 90, 91, 92], "excluded_lines": []}, "CacheIntegration.cache_split_result": {"executed_lines": [], "summary": {"covered_lines": 0, "num_statements": 7, "percent_covered": 0.0, "percent_covered_display": "0", "missing_lines": 7, "excluded_lines": 0, "percent_statements_covered": 0.0, "percent_statements_covered_display": "0"}, "missing_lines": [98, 99, 101, 102, 103, 104, 105], "excluded_lines": []}, "CacheIntegration.get_cached_share_data": {"executed_lines": [], "summary": {"covered_lines": 0, "num_statements": 7, "percent_covered": 0.0, "percent_covered_display": "0", "missing_lines": 7, "excluded_lines": 0, "percent_statements_covered": 0.0, "percent_statements_covered_display": "0"}, "missing_lines": [109, 110, 112, 113, 114, 115, 116], "excluded_lines": []}, "CacheIntegration.cache_share_data": {"executed_lines": [], "summary": {"covered_lines": 0, "num_statements": 7, "percent_covered": 0.0, "percent_covered_display": "0", "missing_lines": 7, "excluded_lines": 0, "percent_statements_covered": 0.0, "percent_statements_covered_display": "0"}, "missing_lines": [120, 121, 123, 124, 125, 126, 127], "excluded_lines": []}, "cached_ocr_processing": {"executed_lines": [], "summary": {"covered_lines": 0, "num_statements": 13, "percent_covered": 0.0, "percent_covered_display": "0", "missing_lines": 13, "excluded_lines": 0, "percent_statements_covered": 0.0, "percent_statements_covered_display": "0"}, "missing_lines": [145, 147, 150, 153, 154, 155, 156, 159, 160, 162, 163, 164, 166], "excluded_lines": []}, "cached_split_calculation": {"executed_lines": [], "summary": {"covered_lines": 0, "num_statements": 13, "percent_covered": 0.0, "percent_covered_display": "0", "missing_lines": 13, "excluded_lines": 0, "percent_statements_covered": 0.0, "percent_statements_covered_display": "0"}, "missing_lines": [180, 182, 185, 188, 189, 190, 191, 194, 195, 197, 198, 199, 201], "excluded_lines": []}, "cached_share_data_retrieval": {"executed_lines": [], "summary": {"covered_lines": 0, "num_statements": 12, "percent_covered": 0.0, "percent_covered_display": "0", "missing_lines": 12, "excluded_lines": 0, "percent_statements_covered": 0.0, "percent_statements_covered_display": "0"}, "missing_lines": [215, 217, 220, 221, 222, 223, 226, 227, 229, 230, 231, 233], "excluded_lines": []}, "": {"executed_lines": [], "summary": {"covered_lines": 0, "num_statements": 24, "percent_covered": 0.0, "percent_covered_display": "0", "missing_lines": 24, "excluded_lines": 0, "percent_statements_covered": 0.0, "percent_statements_covered_display": "0"}, "missing_lines": [6, 7, 8, 9, 12, 13, 14, 15, 17, 20, 25, 53, 56, 61, 72, 83, 94, 107, 118, 131, 134, 169, 204, 237], "excluded_lines": []}}, "classes": {"CacheIntegration": {"executed_lines": [], "summary": {"covered_lines": 0, "num_statements": 45, "percent_covered": 0.0, "percent_covered_display": "0", "missing_lines": 45, "excluded_lines": 0, "percent_statements_covered": 0.0, "percent_statements_covered_display": "0"}, "missing_lines": [57, 58, 59, 63, 64, 66, 67, 68, 69, 70, 74, 75, 77, 78, 79, 80, 81, 85, 86, 88, 89, 90, 91, 92, 98, 99, 101, 102, 103, 104, 105, 109, 110, 112, 113, 114, 115, 116, 120, 121, 123, 124, 125, 126, 127], "excluded_lines": []}, "": {"executed_lines": [], "summary": {"covered_lines": 0, "num_statements": 66, "percent_covered": 0.0, "percent_covered_display": "0", "missing_lines": 66, "excluded_lines": 0, "percent_statements_covered": 0.0, "percent_statements_covered_display": "0"}, "missing_lines": [6, 7, 8, 9, 12, 13, 14, 15, 17, 20, 22, 25, 28, 49, 50, 53, 56, 61, 72, 83, 94, 107, 118, 131, 134, 145, 147, 150, 153, 154, 155, 156, 159, 160, 162, 163, 164, 166, 169, 180, 182, 185, 188, 189, 190, 191, 194, 195, 197, 198, 199, 201, 204, 215, 217, 220, 221, 222, 223, 226, 227, 229, 230, 231, 233, 237], "excluded_lines": []}}}, "api/src/core/__init__.py": {"executed_lines": [1], "summary": {"covered_lines": 0, "num_statements": 0, "percent_covered": 100.0, "percent_covered_display": "100", "missing_lines": 0, "excluded_lines": 0, "percent_statements_covered": 100.0, "percent_statements_covered_display": "100"}, "missing_lines": [], "excluded_lines": [], "functions": {"": {"executed_lines": [1], "summary": {"covered_lines": 0, "num_statements": 0, "percent_covered": 100.0, "percent_covered_display": "100", "missing_lines": 0, "excluded_lines": 0, "percent_statements_covered": 100.0, "percent_statements_covered_display": "100"}, "missing_lines": [], "excluded_lines": []}}, "classes": {"": {"executed_lines": [1], "summary": {"covered_lines": 0, "num_statements": 0, "percent_covered": 100.0, "percent_covered_display": "100", "missing_lines": 0, "excluded_lines": 0, "percent_statements_covered": 100.0, "percent_statements_covered_display": "100"}, "missing_lines": [], "excluded_lines": []}}}, "api/src/core/cache.py": {"executed_lines": [1, 6, 7, 8, 9, 10, 12, 13, 15, 18, 21, 22, 24, 25, 26, 27, 29, 31, 32, 43, 44, 45, 47, 49, 50, 51, 52, 54, 56, 57, 58, 59, 61, 63, 64, 65, 67, 77, 78, 79, 82, 83, 84, 86, 87, 88, 89, 91, 110, 111, 112, 115, 117, 118, 121, 122, 124, 126, 127, 128, 129, 131, 141, 142, 143, 146, 147, 148, 149, 150, 152, 162, 163, 164, 167, 168, 169, 170, 171, 173, 183, 184, 185, 188, 189, 190, 191, 196, 206, 207, 208, 211, 212, 213, 214, 217, 219, 221, 223, 225, 227, 229, 231, 234, 236, 237, 239, 246, 247, 248, 250, 252, 253, 255, 262, 263, 264, 266, 268, 269, 271, 278, 279, 280, 283, 285, 286, 288, 290, 291, 293, 295, 296, 298, 300, 307, 308, 309, 310, 312, 313, 315, 317, 318, 319, 322, 324, 335, 336, 337, 338, 340, 341, 342, 343, 347], "summary": {"covered_lines": 154, "num_statements": 164, "percent_covered": 93.90243902439025, "percent_covered_display": "94", "missing_lines": 10, "excluded_lines": 0, "percent_statements_covered": 93.90243902439025, "percent_statements_covered_display": "94"}, "missing_lines": [80, 113, 144, 165, 186, 192, 193, 194, 209, 320], "excluded_lines": [], "functions": {"CacheService.__init__": {"executed_lines": [25, 26, 27], "summary": {"covered_lines": 3, "num_statements": 3, "percent_covered": 100.0, "percent_covered_display": "100", "missing_lines": 0, "excluded_lines": 0, "percent_statements_covered": 100.0, "percent_statements_covered_display": "100"}, "missing_lines": [], "excluded_lines": []}, "CacheService.connect": {"executed_lines": [31, 32, 43, 44, 45, 47, 49, 50, 51, 52], "summary": {"covered_lines": 10, "num_statements": 10, "percent_covered": 100.0, "percent_covered_display": "100", "missing_lines": 0, "excluded_lines": 0, "percent_statements_covered": 100.0, "percent_statements_covered_display": "100"}, "missing_lines": [], "excluded_lines": []}, "CacheService.disconnect": {"executed_lines": [56, 57, 58, 59], "summary": {"covered_lines": 4, "num_statements": 4, "percent_covered": 100.0, "percent_covered_display": "100", "missing_lines": 0, "excluded_lines": 0, "percent_statements_covered": 100.0, "percent_statements_covered_display": "100"}, "missing_lines": [], "excluded_lines": []}, "CacheService.get_redis": {"executed_lines": [63, 64, 65], "summary": {"covered_lines": 3, "num_statements": 3, "percent_covered": 100.0, "percent_covered_display": "100", "missing_lines": 0, "excluded_lines": 0, "percent_statements_covered": 100.0, "percent_statements_covered_display": "100"}, "missing_lines": [], "excluded_lines": []}, "CacheService.get": {"executed_lines": [77, 78, 79, 82, 83, 84, 86, 87, 88, 89], "summary": {"covered_lines": 10, "num_statements": 11, "percent_covered": 90.9090909090909, "percent_covered_display": "91", "missing_lines": 1, "excluded_lines": 0, "percent_statements_covered": 90.9090909090909, "percent_statements_covered_display": "91"}, "missing_lines": [80], "excluded_lines": []}, "CacheService.set": {"executed_lines": [110, 111, 112, 115, 117, 118, 121, 122, 124, 126, 127, 128, 129], "summary": {"covered_lines": 13, "num_statements": 14, "percent_covered": 92.85714285714286, "percent_covered_display": "93", "missing_lines": 1, "excluded_lines": 0, "percent_statements_covered": 92.85714285714286, "percent_statements_covered_display": "93"}, "missing_lines": [113], "excluded_lines": []}, "CacheService.delete": {"executed_lines": [141, 142, 143, 146, 147, 148, 149, 150], "summary": {"covered_lines": 8, "num_statements": 9, "percent_covered": 88.88888888888889, "percent_covered_display": "89", "missing_lines": 1, "excluded_lines": 0, "percent_statements_covered": 88.88888888888889, "percent_statements_covered_display": "89"}, "missing_lines": [144], "excluded_lines": []}, "CacheService.exists": {"executed_lines": [162, 163, 164, 167, 168, 169, 170, 171], "summary": {"covered_lines": 8, "num_statements": 9, "percent_covered": 88.88888888888889, "percent_covered_display": "89", "missing_lines": 1, "excluded_lines": 0, "percent_statements_covered": 88.88888888888889, "percent_statements_covered_display": "89"}, "missing_lines": [165], "excluded_lines": []}, "CacheService.clear_pattern": {"executed_lines": [183, 184, 185, 188, 189, 190, 191], "summary": {"covered_lines": 7, "num_statements": 11, "percent_covered": 63.63636363636363, "percent_covered_display": "64", "missing_lines": 4, "excluded_lines": 0, "percent_statements_covered": 63.63636363636363, "percent_statements_covered_display": "64"}, "missing_lines": [186, 192, 193, 194], "excluded_lines": []}, "CacheService.get_ttl": {"executed_lines": [206, 207, 208, 211, 212, 213, 214], "summary": {"covered_lines": 7, "num_statements": 8, "percent_covered": 87.5, "percent_covered_display": "88", "missing_lines": 1, "excluded_lines": 0, "percent_statements_covered": 87.5, "percent_statements_covered_display": "88"}, "missing_lines": [209], "excluded_lines": []}, "CacheService.split_result_key": {"executed_lines": [219], "summary": {"covered_lines": 1, "num_statements": 1, "percent_covered": 100.0, "percent_covered_display": "100", "missing_lines": 0, "excluded_lines": 0, "percent_statements_covered": 100.0, "percent_statements_covered_display": "100"}, "missing_lines": [], "excluded_lines": []}, "CacheService.ocr_result_key": {"executed_lines": [223], "summary": {"covered_lines": 1, "num_statements": 1, "percent_covered": 100.0, "percent_covered_display": "100", "missing_lines": 0, "excluded_lines": 0, "percent_statements_covered": 100.0, "percent_statements_covered_display": "100"}, "missing_lines": [], "excluded_lines": []}, "CacheService.share_data_key": {"executed_lines": [227], "summary": {"covered_lines": 1, "num_statements": 1, "percent_covered": 100.0, "percent_covered_display": "100", "missing_lines": 0, "excluded_lines": 0, "percent_statements_covered": 100.0, "percent_statements_covered_display": "100"}, "missing_lines": [], "excluded_lines": []}, "CacheService.user_session_key": {"executed_lines": [231], "summary": {"covered_lines": 1, "num_statements": 1, "percent_covered": 100.0, "percent_covered_display": "100", "missing_lines": 0, "excluded_lines": 0, "percent_statements_covered": 100.0, "percent_statements_covered_display": "100"}, "missing_lines": [], "excluded_lines": []}, "CacheService.get_split_result": {"executed_lines": [236, 237], "summary": {"covered_lines": 2, "num_statements": 2, "percent_covered": 100.0, "percent_covered_display": "100", "missing_lines": 0, "excluded_lines": 0, "percent_statements_covered": 100.0, "percent_statements_covered_display": "100"}, "missing_lines": [], "excluded_lines": []}, "CacheService.set_split_result": {"executed_lines": [246, 247, 248], "summary": {"covered_lines": 3, "num_statements": 3, "percent_covered": 100.0, "percent_covered_display": "100", "missing_lines": 0, "excluded_lines": 0, "percent_statements_covered": 100.0, "percent_statements_covered_display": "100"}, "missing_lines": [], "excluded_lines": []}, "CacheService.get_ocr_result": {"executed_lines": [252, 253], "summary": {"covered_lines": 2, "num_statements": 2, "percent_covered": 100.0, "percent_covered_display": "100", "missing_lines": 0, "excluded_lines": 0, "percent_statements_covered": 100.0, "percent_statements_covered_display": "100"}, "missing_lines": [], "excluded_lines": []}, "CacheService.set_ocr_result": {"executed_lines": [262, 263, 264], "summary": {"covered_lines": 3, "num_statements": 3, "percent_covered": 100.0, "percent_covered_display": "100", "missing_lines": 0, "excluded_lines": 0, "percent_statements_covered": 100.0, "percent_statements_covered_display": "100"}, "missing_lines": [], "excluded_lines": []}, "CacheService.get_share_data": {"executed_lines": [268, 269], "summary": {"covered_lines": 2, "num_statements": 2, "percent_covered": 100.0, "percent_covered_display": "100", "missing_lines": 0, "excluded_lines": 0, "percent_statements_covered": 100.0, "percent_statements_covered_display": "100"}, "missing_lines": [], "excluded_lines": []}, "CacheService.set_share_data": {"executed_lines": [278, 279, 280], "summary": {"covered_lines": 3, "num_statements": 3, "percent_covered": 100.0, "percent_covered_display": "100", "missing_lines": 0, "excluded_lines": 0, "percent_statements_covered": 100.0, "percent_statements_covered_display": "100"}, "missing_lines": [], "excluded_lines": []}, "CacheService.invalidate_split_result": {"executed_lines": [285, 286], "summary": {"covered_lines": 2, "num_statements": 2, "percent_covered": 100.0, "percent_covered_display": "100", "missing_lines": 0, "excluded_lines": 0, "percent_statements_covered": 100.0, "percent_statements_covered_display": "100"}, "missing_lines": [], "excluded_lines": []}, "CacheService.invalidate_share_data": {"executed_lines": [290, 291], "summary": {"covered_lines": 2, "num_statements": 2, "percent_covered": 100.0, "percent_covered_display": "100", "missing_lines": 0, "excluded_lines": 0, "percent_statements_covered": 100.0, "percent_statements_covered_display": "100"}, "missing_lines": [], "excluded_lines": []}, "CacheService.invalidate_ocr_result": {"executed_lines": [295, 296], "summary": {"covered_lines": 2, "num_statements": 2, "percent_covered": 100.0, "percent_covered_display": "100", "missing_lines": 0, "excluded_lines": 0, "percent_statements_covered": 100.0, "percent_statements_covered_display": "100"}, "missing_lines": [], "excluded_lines": []}, "CacheService.clear_all_caches": {"executed_lines": [300, 307, 308, 309, 310, 312, 313], "summary": {"covered_lines": 7, "num_statements": 7, "percent_covered": 100.0, "percent_covered_display": "100", "missing_lines": 0, "excluded_lines": 0, "percent_statements_covered": 100.0, "percent_statements_covered_display": "100"}, "missing_lines": [], "excluded_lines": []}, "CacheService.get_cache_stats": {"executed_lines": [317, 318, 319, 322, 324, 335, 336, 337, 338, 340, 341, 342, 343], "summary": {"covered_lines": 13, "num_statements": 14, "percent_covered": 92.85714285714286, "percent_covered_display": "93", "missing_lines": 1, "excluded_lines": 0, "percent_statements_covered": 92.85714285714286, "percent_statements_covered_display": "93"}, "missing_lines": [320], "excluded_lines": []}, "": {"executed_lines": [1, 6, 7, 8, 9, 10, 12, 13, 15, 18, 21, 22, 24, 29, 54, 61, 67, 91, 131, 152, 173, 196, 217, 221, 225, 229, 234, 239, 250, 255, 266, 271, 283, 288, 293, 298, 315, 347], "summary": {"covered_lines": 36, "num_statements": 36, "percent_covered": 100.0, "percent_covered_display": "100", "missing_lines": 0, "excluded_lines": 0, "percent_statements_covered": 100.0, "percent_statements_covered_display": "100"}, "missing_lines": [], "excluded_lines": []}}, "classes": {"CacheService": {"executed_lines": [25, 26, 27, 31, 32, 43, 44, 45, 47, 49, 50, 51, 52, 56, 57, 58, 59, 63, 64, 65, 77, 78, 79, 82, 83, 84, 86, 87, 88, 89, 110, 111, 112, 115, 117, 118, 121, 122, 124, 126, 127, 128, 129, 141, 142, 143, 146, 147, 148, 149, 150, 162, 163, 164, 167, 168, 169, 170, 171, 183, 184, 185, 188, 189, 190, 191, 206, 207, 208, 211, 212, 213, 214, 219, 223, 227, 231, 236, 237, 246, 247, 248, 252, 253, 262, 263, 264, 268, 269, 278, 279, 280, 285, 286, 290, 291, 295, 296, 300, 307, 308, 309, 310, 312, 313, 317, 318, 319, 322, 324, 335, 336, 337, 338, 340, 341, 342, 343], "summary": {"covered_lines": 118, "num_statements": 128, "percent_covered": 92.1875, "percent_covered_display": "92", "missing_lines": 10, "excluded_lines": 0, "percent_statements_covered": 92.1875, "percent_statements_covered_display": "92"}, "missing_lines": [80, 113, 144, 165, 186, 192, 193, 194, 209, 320], "excluded_lines": []}, "": {"executed_lines": [1, 6, 7, 8, 9, 10, 12, 13, 15, 18, 21, 22, 24, 29, 54, 61, 67, 91, 131, 152, 173, 196, 217, 221, 225, 229, 234, 239, 250, 255, 266, 271, 283, 288, 293, 298, 315, 347], "summary": {"covered_lines": 36, "num_statements": 36, "percent_covered": 100.0, "percent_covered_display": "100", "missing_lines": 0, "excluded_lines": 0, "percent_statements_covered": 100.0, "percent_statements_covered_display": "100"}, "missing_lines": [], "excluded_lines": []}}}, "api/src/core/config.py": {"executed_lines": [1, 5, 8, 9, 11, 13, 14, 15, 18, 19, 22, 25, 26, 29, 30, 31, 32, 33, 36, 42, 45, 46, 51, 54, 55, 60, 61, 65], "summary": {"covered_lines": 26, "num_statements": 26, "percent_covered": 100.0, "percent_covered_display": "100", "missing_lines": 0, "excluded_lines": 0, "percent_statements_covered": 100.0, "percent_statements_covered_display": "100"}, "missing_lines": [], "excluded_lines": [], "functions": {"Settings.__init__": {"executed_lines": [13, 14, 15, 18, 19, 22, 25, 26, 29, 30, 31, 32, 33, 36, 42, 45, 46, 51, 54, 55, 60, 61], "summary": {"covered_lines": 22, "num_statements": 22, "percent_covered": 100.0, "percent_covered_display": "100", "missing_lines": 0, "excluded_lines": 0, "percent_statements_covered": 100.0, "percent_statements_covered_display": "100"}, "missing_lines": [], "excluded_lines": []}, "": {"executed_lines": [1, 5, 8, 9, 11, 65], "summary": {"covered_lines": 4, "num_statements": 4, "percent_covered": 100.0, "percent_covered_display": "100", "missing_lines": 0, "excluded_lines": 0, "percent_statements_covered": 100.0, "percent_statements_covered_display": "100"}, "missing_lines": [], "excluded_lines": []}}, "classes": {"Settings": {"executed_lines": [13, 14, 15, 18, 19, 22, 25, 26, 29, 30, 31, 32, 33, 36, 42, 45, 46, 51, 54, 55, 60, 61], "summary": {"covered_lines": 22, "num_statements": 22, "percent_covered": 100.0, "percent_covered_display": "100", "missing_lines": 0, "excluded_lines": 0, "percent_statements_covered": 100.0, "percent_statements_covered_display": "100"}, "missing_lines": [], "excluded_lines": []}, "": {"executed_lines": [1, 5, 8, 9, 11, 65], "summary": {"covered_lines": 4, "num_statements": 4, "percent_covered": 100.0, "percent_covered_display": "100", "missing_lines": 0, "excluded_lines": 0, "percent_statements_covered": 100.0, "percent_statements_covered_display": "100"}, "missing_lines": [], "excluded_lines": []}}}, "api/src/core/exceptions.py": {"executed_lines": [1, 7, 10, 11, 17, 18, 19, 20, 22, 23, 25, 26, 35, 36, 44, 45, 46, 53, 54, 62, 63, 66, 67, 75, 81, 82, 83, 84, 85, 88, 89, 97, 100, 101, 102, 103, 104, 105, 108, 109, 117, 123, 124, 125, 126, 127, 128, 131, 132, 140, 141, 144, 145, 153, 156, 159, 160, 167, 174, 175, 176, 177, 178, 179, 180, 181, 184, 185, 193, 194, 195, 196, 197, 200, 201, 209, 216, 217, 218, 219, 220, 221, 222, 223, 227, 242, 251, 252, 253], "summary": {"covered_lines": 77, "num_statements": 78, "percent_covered": 98.71794871794872, "percent_covered_display": "99", "missing_lines": 1, "excluded_lines": 0, "percent_statements_covered": 98.71794871794872, "percent_statements_covered_display": "99"}, "missing_lines": [254], "excluded_lines": [], "functions": {"SplitBillException.__init__": {"executed_lines": [18, 19, 20], "summary": {"covered_lines": 3, "num_statements": 3, "percent_covered": 100.0, "percent_covered_display": "100", "missing_lines": 0, "excluded_lines": 0, "percent_statements_covered": 100.0, "percent_statements_covered_display": "100"}, "missing_lines": [], "excluded_lines": []}, "SplitBillException.__str__": {"executed_lines": [23], "summary": {"covered_lines": 1, "num_statements": 1, "percent_covered": 100.0, "percent_covered_display": "100", "missing_lines": 0, "excluded_lines": 0, "percent_statements_covered": 100.0, "percent_statements_covered_display": "100"}, "missing_lines": [], "excluded_lines": []}, "SplitBillException.to_dict": {"executed_lines": [26], "summary": {"covered_lines": 1, "num_statements": 1, "percent_covered": 100.0, "percent_covered_display": "100", "missing_lines": 0, "excluded_lines": 0, "percent_statements_covered": 100.0, "percent_statements_covered_display": "100"}, "missing_lines": [], "excluded_lines": []}, "OCRProcessingError.__init__": {"executed_lines": [45, 46], "summary": {"covered_lines": 2, "num_statements": 2, "percent_covered": 100.0, "percent_covered_display": "100", "missing_lines": 0, "excluded_lines": 0, "percent_statements_covered": 100.0, "percent_statements_covered_display": "100"}, "missing_lines": [], "excluded_lines": []}, "ImageProcessingError.__init__": {"executed_lines": [63], "summary": {"covered_lines": 1, "num_statements": 1, "percent_covered": 100.0, "percent_covered_display": "100", "missing_lines": 0, "excluded_lines": 0, "percent_statements_covered": 100.0, "percent_statements_covered_display": "100"}, "missing_lines": [], "excluded_lines": []}, "ValidationError.__init__": {"executed_lines": [81, 82, 83, 84, 85], "summary": {"covered_lines": 5, "num_statements": 5, "percent_covered": 100.0, "percent_covered_display": "100", "missing_lines": 0, "excluded_lines": 0, "percent_statements_covered": 100.0, "percent_statements_covered_display": "100"}, "missing_lines": [], "excluded_lines": []}, "CacheError.__init__": {"executed_lines": [100, 101, 102, 103, 104, 105], "summary": {"covered_lines": 6, "num_statements": 6, "percent_covered": 100.0, "percent_covered_display": "100", "missing_lines": 0, "excluded_lines": 0, "percent_statements_covered": 100.0, "percent_statements_covered_display": "100"}, "missing_lines": [], "excluded_lines": []}, "StorageError.__init__": {"executed_lines": [123, 124, 125, 126, 127, 128], "summary": {"covered_lines": 6, "num_statements": 6, "percent_covered": 100.0, "percent_covered_display": "100", "missing_lines": 0, "excluded_lines": 0, "percent_statements_covered": 100.0, "percent_statements_covered_display": "100"}, "missing_lines": [], "excluded_lines": []}, "AuthenticationError.__init__": {"executed_lines": [141], "summary": {"covered_lines": 1, "num_statements": 1, "percent_covered": 100.0, "percent_covered_display": "100", "missing_lines": 0, "excluded_lines": 0, "percent_statements_covered": 100.0, "percent_statements_covered_display": "100"}, "missing_lines": [], "excluded_lines": []}, "AuthorizationError.__init__": {"executed_lines": [156], "summary": {"covered_lines": 1, "num_statements": 1, "percent_covered": 100.0, "percent_covered_display": "100", "missing_lines": 0, "excluded_lines": 0, "percent_statements_covered": 100.0, "percent_statements_covered_display": "100"}, "missing_lines": [], "excluded_lines": []}, "RateLimitExceededError.__init__": {"executed_lines": [174, 175, 176, 177, 178, 179, 180, 181], "summary": {"covered_lines": 8, "num_statements": 8, "percent_covered": 100.0, "percent_covered_display": "100", "missing_lines": 0, "excluded_lines": 0, "percent_statements_covered": 100.0, "percent_statements_covered_display": "100"}, "missing_lines": [], "excluded_lines": []}, "ConfigurationError.__init__": {"executed_lines": [194, 195, 196, 197], "summary": {"covered_lines": 4, "num_statements": 4, "percent_covered": 100.0, "percent_covered_display": "100", "missing_lines": 0, "excluded_lines": 0, "percent_statements_covered": 100.0, "percent_statements_covered_display": "100"}, "missing_lines": [], "excluded_lines": []}, "ExternalServiceError.__init__": {"executed_lines": [216, 217, 218, 219, 220, 221, 222, 223], "summary": {"covered_lines": 8, "num_statements": 8, "percent_covered": 100.0, "percent_covered_display": "100", "missing_lines": 0, "excluded_lines": 0, "percent_statements_covered": 100.0, "percent_statements_covered_display": "100"}, "missing_lines": [], "excluded_lines": []}, "get_http_status": {"executed_lines": [251, 252, 253], "summary": {"covered_lines": 3, "num_statements": 4, "percent_covered": 75.0, "percent_covered_display": "75", "missing_lines": 1, "excluded_lines": 0, "percent_statements_covered": 75.0, "percent_statements_covered_display": "75"}, "missing_lines": [254], "excluded_lines": []}, "": {"executed_lines": [1, 7, 10, 11, 17, 22, 25, 35, 36, 44, 53, 54, 62, 66, 67, 75, 88, 89, 97, 108, 109, 117, 131, 132, 140, 144, 145, 153, 159, 160, 167, 184, 185, 193, 200, 201, 209, 227, 242], "summary": {"covered_lines": 27, "num_statements": 27, "percent_covered": 100.0, "percent_covered_display": "100", "missing_lines": 0, "excluded_lines": 0, "percent_statements_covered": 100.0, "percent_statements_covered_display": "100"}, "missing_lines": [], "excluded_lines": []}}, "classes": {"SplitBillException": {"executed_lines": [18, 19, 20, 23, 26], "summary": {"covered_lines": 5, "num_statements": 5, "percent_covered": 100.0, "percent_covered_display": "100", "missing_lines": 0, "excluded_lines": 0, "percent_statements_covered": 100.0, "percent_statements_covered_display": "100"}, "missing_lines": [], "excluded_lines": []}, "OCRProcessingError": {"executed_lines": [45, 46], "summary": {"covered_lines": 2, "num_statements": 2, "percent_covered": 100.0, "percent_covered_display": "100", "missing_lines": 0, "excluded_lines": 0, "percent_statements_covered": 100.0, "percent_statements_covered_display": "100"}, "missing_lines": [], "excluded_lines": []}, "ImageProcessingError": {"executed_lines": [63], "summary": {"covered_lines": 1, "num_statements": 1, "percent_covered": 100.0, "percent_covered_display": "100", "missing_lines": 0, "excluded_lines": 0, "percent_statements_covered": 100.0, "percent_statements_covered_display": "100"}, "missing_lines": [], "excluded_lines": []}, "ValidationError": {"executed_lines": [81, 82, 83, 84, 85], "summary": {"covered_lines": 5, "num_statements": 5, "percent_covered": 100.0, "percent_covered_display": "100", "missing_lines": 0, "excluded_lines": 0, "percent_statements_covered": 100.0, "percent_statements_covered_display": "100"}, "missing_lines": [], "excluded_lines": []}, "CacheError": {"executed_lines": [100, 101, 102, 103, 104, 105], "summary": {"covered_lines": 6, "num_statements": 6, "percent_covered": 100.0, "percent_covered_display": "100", "missing_lines": 0, "excluded_lines": 0, "percent_statements_covered": 100.0, "percent_statements_covered_display": "100"}, "missing_lines": [], "excluded_lines": []}, "StorageError": {"executed_lines": [123, 124, 125, 126, 127, 128], "summary": {"covered_lines": 6, "num_statements": 6, "percent_covered": 100.0, "percent_covered_display": "100", "missing_lines": 0, "excluded_lines": 0, "percent_statements_covered": 100.0, "percent_statements_covered_display": "100"}, "missing_lines": [], "excluded_lines": []}, "AuthenticationError": {"executed_lines": [141], "summary": {"covered_lines": 1, "num_statements": 1, "percent_covered": 100.0, "percent_covered_display": "100", "missing_lines": 0, "excluded_lines": 0, "percent_statements_covered": 100.0, "percent_statements_covered_display": "100"}, "missing_lines": [], "excluded_lines": []}, "AuthorizationError": {"executed_lines": [156], "summary": {"covered_lines": 1, "num_statements": 1, "percent_covered": 100.0, "percent_covered_display": "100", "missing_lines": 0, "excluded_lines": 0, "percent_statements_covered": 100.0, "percent_statements_covered_display": "100"}, "missing_lines": [], "excluded_lines": []}, "RateLimitExceededError": {"executed_lines": [174, 175, 176, 177, 178, 179, 180, 181], "summary": {"covered_lines": 8, "num_statements": 8, "percent_covered": 100.0, "percent_covered_display": "100", "missing_lines": 0, "excluded_lines": 0, "percent_statements_covered": 100.0, "percent_statements_covered_display": "100"}, "missing_lines": [], "excluded_lines": []}, "ConfigurationError": {"executed_lines": [194, 195, 196, 197], "summary": {"covered_lines": 4, "num_statements": 4, "percent_covered": 100.0, "percent_covered_display": "100", "missing_lines": 0, "excluded_lines": 0, "percent_statements_covered": 100.0, "percent_statements_covered_display": "100"}, "missing_lines": [], "excluded_lines": []}, "ExternalServiceError": {"executed_lines": [216, 217, 218, 219, 220, 221, 222, 223], "summary": {"covered_lines": 8, "num_statements": 8, "percent_covered": 100.0, "percent_covered_display": "100", "missing_lines": 0, "excluded_lines": 0, "percent_statements_covered": 100.0, "percent_statements_covered_display": "100"}, "missing_lines": [], "excluded_lines": []}, "": {"executed_lines": [1, 7, 10, 11, 17, 22, 25, 35, 36, 44, 53, 54, 62, 66, 67, 75, 88, 89, 97, 108, 109, 117, 131, 132, 140, 144, 145, 153, 159, 160, 167, 184, 185, 193, 200, 201, 209, 227, 242, 251, 252, 253], "summary": {"covered_lines": 30, "num_statements": 31, "percent_covered": 96.7741935483871, "percent_covered_display": "97", "missing_lines": 1, "excluded_lines": 0, "percent_statements_covered": 96.7741935483871, "percent_statements_covered_display": "97"}, "missing_lines": [254], "excluded_lines": []}}}, "api/src/core/logging.py": {"executed_lines": [1, 5, 6, 7, 9, 11, 14, 22, 23, 26, 29, 39, 50, 51, 52, 53, 56, 66, 69, 70, 72, 73, 74, 76, 77, 78, 79, 83, 85, 87, 89, 92, 101, 104, 107, 115], "summary": {"covered_lines": 34, "num_statements": 34, "percent_covered": 100.0, "percent_covered_display": "100", "missing_lines": 0, "excluded_lines": 0, "percent_statements_covered": 100.0, "percent_statements_covered_display": "100"}, "missing_lines": [], "excluded_lines": [], "functions": {"setup_logging": {"executed_lines": [22, 23, 26, 29, 39, 50, 51, 52, 53], "summary": {"covered_lines": 9, "num_statements": 9, "percent_covered": 100.0, "percent_covered_display": "100", "missing_lines": 0, "excluded_lines": 0, "percent_statements_covered": 100.0, "percent_statements_covered_display": "100"}, "missing_lines": [], "excluded_lines": []}, "get_logger": {"executed_lines": [66], "summary": {"covered_lines": 1, "num_statements": 1, "percent_covered": 100.0, "percent_covered_display": "100", "missing_lines": 0, "excluded_lines": 0, "percent_statements_covered": 100.0, "percent_statements_covered_display": "100"}, "missing_lines": [], "excluded_lines": []}, "LoggingContextFilter.__init__": {"executed_lines": [73, 74], "summary": {"covered_lines": 2, "num_statements": 2, "percent_covered": 100.0, "percent_covered_display": "100", "missing_lines": 0, "excluded_lines": 0, "percent_statements_covered": 100.0, "percent_statements_covered_display": "100"}, "missing_lines": [], "excluded_lines": []}, "LoggingContextFilter.filter": {"executed_lines": [77, 78, 79], "summary": {"covered_lines": 3, "num_statements": 3, "percent_covered": 100.0, "percent_covered_display": "100", "missing_lines": 0, "excluded_lines": 0, "percent_statements_covered": 100.0, "percent_statements_covered_display": "100"}, "missing_lines": [], "excluded_lines": []}, "log_request_middleware": {"executed_lines": [85, 87, 89, 92, 101, 104, 107, 115], "summary": {"covered_lines": 8, "num_statements": 8, "percent_covered": 100.0, "percent_covered_display": "100", "missing_lines": 0, "excluded_lines": 0, "percent_statements_covered": 100.0, "percent_statements_covered_display": "100"}, "missing_lines": [], "excluded_lines": []}, "": {"executed_lines": [1, 5, 6, 7, 9, 11, 14, 56, 69, 70, 72, 76, 83], "summary": {"covered_lines": 11, "num_statements": 11, "percent_covered": 100.0, "percent_covered_display": "100", "missing_lines": 0, "excluded_lines": 0, "percent_statements_covered": 100.0, "percent_statements_covered_display": "100"}, "missing_lines": [], "excluded_lines": []}}, "classes": {"LoggingContextFilter": {"executed_lines": [73, 74, 77, 78, 79], "summary": {"covered_lines": 5, "num_statements": 5, "percent_covered": 100.0, "percent_covered_display": "100", "missing_lines": 0, "excluded_lines": 0, "percent_statements_covered": 100.0, "percent_statements_covered_display": "100"}, "missing_lines": [], "excluded_lines": []}, "": {"executed_lines": [1, 5, 6, 7, 9, 11, 14, 22, 23, 26, 29, 39, 50, 51, 52, 53, 56, 66, 69, 70, 72, 76, 83, 85, 87, 89, 92, 101, 104, 107, 115], "summary": {"covered_lines": 29, "num_statements": 29, "percent_covered": 100.0, "percent_covered_display": "100", "missing_lines": 0, "excluded_lines": 0, "percent_statements_covered": 100.0, "percent_statements_covered_display": "100"}, "missing_lines": [], "excluded_lines": []}}}, "api/src/core/logging_config.py": {"executed_lines": [1, 6, 7, 8, 9, 10, 11, 12, 14, 15, 18, 21, 22, 24, 40, 41, 43, 44, 45, 48, 51, 57, 58, 59, 60, 62, 66, 69, 71, 74, 93, 99, 100, 108, 116, 123, 124, 132, 140, 160, 163, 164, 165, 166, 167, 169, 170, 171, 173, 180, 182, 183, 185, 195, 197, 199, 202, 205, 206, 207, 208, 209, 211, 212, 213, 216, 217, 219, 225, 227, 228, 231, 232, 234, 243, 245, 247, 250, 251, 253, 254, 255, 256, 257], "summary": {"covered_lines": 80, "num_statements": 94, "percent_covered": 85.1063829787234, "percent_covered_display": "85", "missing_lines": 14, "excluded_lines": 0, "percent_statements_covered": 85.1063829787234, "percent_statements_covered_display": "85"}, "missing_lines": [26, 27, 30, 32, 35, 37, 81, 146, 147, 155, 222, 223, 240, 241], "excluded_lines": [], "functions": {"CorrelationIdMiddleware.dispatch": {"executed_lines": [], "summary": {"covered_lines": 0, "num_statements": 6, "percent_covered": 0.0, "percent_covered_display": "0", "missing_lines": 6, "excluded_lines": 0, "percent_statements_covered": 0.0, "percent_statements_covered_display": "0"}, "missing_lines": [26, 27, 30, 32, 35, 37], "excluded_lines": []}, "LoggingContextFilter.filter": {"executed_lines": [44, 45], "summary": {"covered_lines": 2, "num_statements": 2, "percent_covered": 100.0, "percent_covered_display": "100", "missing_lines": 0, "excluded_lines": 0, "percent_statements_covered": 100.0, "percent_statements_covered_display": "100"}, "missing_lines": [], "excluded_lines": []}, "setup_standard_logging": {"executed_lines": [51, 57, 58, 59, 60, 62], "summary": {"covered_lines": 6, "num_statements": 6, "percent_covered": 100.0, "percent_covered_display": "100", "missing_lines": 0, "excluded_lines": 0, "percent_statements_covered": 100.0, "percent_statements_covered_display": "100"}, "missing_lines": [], "excluded_lines": []}, "get_logger": {"executed_lines": [71], "summary": {"covered_lines": 1, "num_statements": 1, "percent_covered": 100.0, "percent_covered_display": "100", "missing_lines": 0, "excluded_lines": 0, "percent_statements_covered": 100.0, "percent_statements_covered_display": "100"}, "missing_lines": [], "excluded_lines": []}, "log_request": {"executed_lines": [], "summary": {"covered_lines": 0, "num_statements": 1, "percent_covered": 0.0, "percent_covered_display": "0", "missing_lines": 1, "excluded_lines": 0, "percent_statements_covered": 0.0, "percent_statements_covered_display": "0"}, "missing_lines": [81], "excluded_lines": []}, "log_error": {"executed_lines": [99, 100, 108], "summary": {"covered_lines": 3, "num_statements": 3, "percent_covered": 100.0, "percent_covered_display": "100", "missing_lines": 0, "excluded_lines": 0, "percent_statements_covered": 100.0, "percent_statements_covered_display": "100"}, "missing_lines": [], "excluded_lines": []}, "log_performance": {"executed_lines": [123, 124, 132], "summary": {"covered_lines": 3, "num_statements": 3, "percent_covered": 100.0, "percent_covered_display": "100", "missing_lines": 0, "excluded_lines": 0, "percent_statements_covered": 100.0, "percent_statements_covered_display": "100"}, "missing_lines": [], "excluded_lines": []}, "log_security_event": {"executed_lines": [], "summary": {"covered_lines": 0, "num_statements": 3, "percent_covered": 0.0, "percent_covered_display": "0", "missing_lines": 3, "excluded_lines": 0, "percent_statements_covered": 0.0, "percent_statements_covered_display": "0"}, "missing_lines": [146, 147, 155], "excluded_lines": []}, "performance_monitor": {"executed_lines": [163, 164, 199], "summary": {"covered_lines": 3, "num_statements": 3, "percent_covered": 100.0, "percent_covered_display": "100", "missing_lines": 0, "excluded_lines": 0, "percent_statements_covered": 100.0, "percent_statements_covered_display": "100"}, "missing_lines": [], "excluded_lines": []}, "performance_monitor.decorator": {"executed_lines": [165, 197], "summary": {"covered_lines": 2, "num_statements": 2, "percent_covered": 100.0, "percent_covered_display": "100", "missing_lines": 0, "excluded_lines": 0, "percent_statements_covered": 100.0, "percent_statements_covered_display": "100"}, "missing_lines": [], "excluded_lines": []}, "performance_monitor.decorator.wrapper": {"executed_lines": [166, 167, 169, 170, 171, 173, 180, 182, 183, 185, 195], "summary": {"covered_lines": 11, "num_statements": 11, "percent_covered": 100.0, "percent_covered_display": "100", "missing_lines": 0, "excluded_lines": 0, "percent_statements_covered": 100.0, "percent_statements_covered_display": "100"}, "missing_lines": [], "excluded_lines": []}, "request_monitor": {"executed_lines": [205, 206, 247], "summary": {"covered_lines": 3, "num_statements": 3, "percent_covered": 100.0, "percent_covered_display": "100", "missing_lines": 0, "excluded_lines": 0, "percent_statements_covered": 100.0, "percent_statements_covered_display": "100"}, "missing_lines": [], "excluded_lines": []}, "request_monitor.decorator": {"executed_lines": [207, 245], "summary": {"covered_lines": 2, "num_statements": 2, "percent_covered": 100.0, "percent_covered_display": "100", "missing_lines": 0, "excluded_lines": 0, "percent_statements_covered": 100.0, "percent_statements_covered_display": "100"}, "missing_lines": [], "excluded_lines": []}, "request_monitor.decorator.wrapper": {"executed_lines": [208, 209, 211, 212, 213, 216, 217, 219, 225, 227, 228, 231, 232, 234, 243], "summary": {"covered_lines": 15, "num_statements": 19, "percent_covered": 78.94736842105263, "percent_covered_display": "79", "missing_lines": 4, "excluded_lines": 0, "percent_statements_covered": 78.94736842105263, "percent_statements_covered_display": "79"}, "missing_lines": [222, 223, 240, 241], "excluded_lines": []}, "LoggingConfig.__init__": {"executed_lines": [254, 255, 256, 257], "summary": {"covered_lines": 4, "num_statements": 4, "percent_covered": 100.0, "percent_covered_display": "100", "missing_lines": 0, "excluded_lines": 0, "percent_statements_covered": 100.0, "percent_statements_covered_display": "100"}, "missing_lines": [], "excluded_lines": []}, "": {"executed_lines": [1, 6, 7, 8, 9, 10, 11, 12, 14, 15, 18, 21, 22, 24, 40, 41, 43, 48, 66, 69, 74, 93, 116, 140, 160, 202, 250, 251, 253], "summary": {"covered_lines": 25, "num_statements": 25, "percent_covered": 100.0, "percent_covered_display": "100", "missing_lines": 0, "excluded_lines": 0, "percent_statements_covered": 100.0, "percent_statements_covered_display": "100"}, "missing_lines": [], "excluded_lines": []}}, "classes": {"CorrelationIdMiddleware": {"executed_lines": [], "summary": {"covered_lines": 0, "num_statements": 6, "percent_covered": 0.0, "percent_covered_display": "0", "missing_lines": 6, "excluded_lines": 0, "percent_statements_covered": 0.0, "percent_statements_covered_display": "0"}, "missing_lines": [26, 27, 30, 32, 35, 37], "excluded_lines": []}, "LoggingContextFilter": {"executed_lines": [44, 45], "summary": {"covered_lines": 2, "num_statements": 2, "percent_covered": 100.0, "percent_covered_display": "100", "missing_lines": 0, "excluded_lines": 0, "percent_statements_covered": 100.0, "percent_statements_covered_display": "100"}, "missing_lines": [], "excluded_lines": []}, "LoggingConfig": {"executed_lines": [254, 255, 256, 257], "summary": {"covered_lines": 4, "num_statements": 4, "percent_covered": 100.0, "percent_covered_display": "100", "missing_lines": 0, "excluded_lines": 0, "percent_statements_covered": 100.0, "percent_statements_covered_display": "100"}, "missing_lines": [], "excluded_lines": []}, "": {"executed_lines": [1, 6, 7, 8, 9, 10, 11, 12, 14, 15, 18, 21, 22, 24, 40, 41, 43, 48, 51, 57, 58, 59, 60, 62, 66, 69, 71, 74, 93, 99, 100, 108, 116, 123, 124, 132, 140, 160, 163, 164, 165, 166, 167, 169, 170, 171, 173, 180, 182, 183, 185, 195, 197, 199, 202, 205, 206, 207, 208, 209, 211, 212, 213, 216, 217, 219, 225, 227, 228, 231, 232, 234, 243, 245, 247, 250, 251, 253], "summary": {"covered_lines": 74, "num_statements": 82, "percent_covered": 90.2439024390244, "percent_covered_display": "90", "missing_lines": 8, "excluded_lines": 0, "percent_statements_covered": 90.2439024390244, "percent_statements_covered_display": "90"}, "missing_lines": [81, 146, 147, 155, 222, 223, 240, 241], "excluded_lines": []}}}, "api/src/core/metrics.py": {"executed_lines": [1, 6, 9, 10, 18, 73, 79, 86, 92, 98, 103, 109, 116, 123, 125, 127, 130, 137, 138, 140, 141, 142, 144, 148, 151, 155, 159, 161, 164, 166, 168, 171, 173, 175, 178, 180, 182, 185, 187, 189, 191, 194, 196, 198, 201, 203, 205, 208, 210, 212, 215, 217, 219, 222, 224, 226, 231, 233, 235, 239, 243, 246, 247, 248, 250, 251, 252, 255, 256, 257, 260, 261, 262, 263, 264, 266, 267, 269, 270, 273, 274, 275, 277, 283, 284, 286, 288, 292, 295, 296, 297, 298, 300, 302, 303, 304, 305, 307, 308, 310, 311, 313, 315, 316, 317, 318, 320, 322], "summary": {"covered_lines": 106, "num_statements": 158, "percent_covered": 67.0886075949367, "percent_covered_display": "67", "missing_lines": 52, "excluded_lines": 0, "percent_statements_covered": 67.0886075949367, "percent_statements_covered_display": "67"}, "missing_lines": [19, 20, 21, 24, 25, 26, 27, 28, 30, 31, 33, 34, 36, 37, 38, 39, 40, 42, 43, 45, 46, 48, 49, 50, 51, 52, 54, 55, 57, 58, 60, 61, 63, 64, 66, 67, 69, 149, 162, 169, 176, 183, 192, 199, 206, 213, 220, 227, 278, 279, 280, 281], "excluded_lines": [], "functions": {"MetricsCollector.__init__": {"executed_lines": [141, 142], "summary": {"covered_lines": 2, "num_statements": 2, "percent_covered": 100.0, "percent_covered_display": "100", "missing_lines": 0, "excluded_lines": 0, "percent_statements_covered": 100.0, "percent_statements_covered_display": "100"}, "missing_lines": [], "excluded_lines": []}, "MetricsCollector.record_http_request": {"executed_lines": [148, 151, 155], "summary": {"covered_lines": 3, "num_statements": 4, "percent_covered": 75.0, "percent_covered_display": "75", "missing_lines": 1, "excluded_lines": 0, "percent_statements_covered": 75.0, "percent_statements_covered_display": "75"}, "missing_lines": [149], "excluded_lines": []}, "MetricsCollector.record_split_calculation": {"executed_lines": [161, 164], "summary": {"covered_lines": 2, "num_statements": 3, "percent_covered": 66.66666666666667, "percent_covered_display": "67", "missing_lines": 1, "excluded_lines": 0, "percent_statements_covered": 66.66666666666667, "percent_statements_covered_display": "67"}, "missing_lines": [162], "excluded_lines": []}, "MetricsCollector.record_receipt_processing": {"executed_lines": [168, 171], "summary": {"covered_lines": 2, "num_statements": 3, "percent_covered": 66.66666666666667, "percent_covered_display": "67", "missing_lines": 1, "excluded_lines": 0, "percent_statements_covered": 66.66666666666667, "percent_statements_covered_display": "67"}, "missing_lines": [169], "excluded_lines": []}, "MetricsCollector.record_share_link_generation": {"executed_lines": [175, 178], "summary": {"covered_lines": 2, "num_statements": 3, "percent_covered": 66.66666666666667, "percent_covered_display": "67", "missing_lines": 1, "excluded_lines": 0, "percent_statements_covered": 66.66666666666667, "percent_statements_covered_display": "67"}, "missing_lines": [176], "excluded_lines": []}, "MetricsCollector.record_cache_operation": {"executed_lines": [182, 185, 187], "summary": {"covered_lines": 3, "num_statements": 4, "percent_covered": 75.0, "percent_covered_display": "75", "missing_lines": 1, "excluded_lines": 0, "percent_statements_covered": 75.0, "percent_statements_covered_display": "75"}, "missing_lines": [183], "excluded_lines": []}, "MetricsCollector.record_ocr_processing": {"executed_lines": [191, 194], "summary": {"covered_lines": 2, "num_statements": 3, "percent_covered": 66.66666666666667, "percent_covered_display": "67", "missing_lines": 1, "excluded_lines": 0, "percent_statements_covered": 66.66666666666667, "percent_statements_covered_display": "67"}, "missing_lines": [192], "excluded_lines": []}, "MetricsCollector.update_active_connections": {"executed_lines": [198, 201], "summary": {"covered_lines": 2, "num_statements": 3, "percent_covered": 66.66666666666667, "percent_covered_display": "67", "missing_lines": 1, "excluded_lines": 0, "percent_statements_covered": 66.66666666666667, "percent_statements_covered_display": "67"}, "missing_lines": [199], "excluded_lines": []}, "MetricsCollector.update_memory_usage": {"executed_lines": [205, 208], "summary": {"covered_lines": 2, "num_statements": 3, "percent_covered": 66.66666666666667, "percent_covered_display": "67", "missing_lines": 1, "excluded_lines": 0, "percent_statements_covered": 66.66666666666667, "percent_statements_covered_display": "67"}, "missing_lines": [206], "excluded_lines": []}, "MetricsCollector.update_cpu_usage": {"executed_lines": [212, 215], "summary": {"covered_lines": 2, "num_statements": 3, "percent_covered": 66.66666666666667, "percent_covered_display": "67", "missing_lines": 1, "excluded_lines": 0, "percent_statements_covered": 66.66666666666667, "percent_statements_covered_display": "67"}, "missing_lines": [213], "excluded_lines": []}, "MetricsCollector.update_service_health": {"executed_lines": [219, 222], "summary": {"covered_lines": 2, "num_statements": 3, "percent_covered": 66.66666666666667, "percent_covered_display": "67", "missing_lines": 1, "excluded_lines": 0, "percent_statements_covered": 66.66666666666667, "percent_statements_covered_display": "67"}, "missing_lines": [220], "excluded_lines": []}, "MetricsCollector.get_metrics_text": {"executed_lines": [226, 231], "summary": {"covered_lines": 2, "num_statements": 3, "percent_covered": 66.66666666666667, "percent_covered_display": "67", "missing_lines": 1, "excluded_lines": 0, "percent_statements_covered": 66.66666666666667, "percent_statements_covered_display": "67"}, "missing_lines": [227], "excluded_lines": []}, "MetricsCollector.get_metrics_content_type": {"executed_lines": [235], "summary": {"covered_lines": 1, "num_statements": 1, "percent_covered": 100.0, "percent_covered_display": "100", "missing_lines": 0, "excluded_lines": 0, "percent_statements_covered": 100.0, "percent_statements_covered_display": "100"}, "missing_lines": [], "excluded_lines": []}, "track_http_metrics": {"executed_lines": [246, 288], "summary": {"covered_lines": 2, "num_statements": 2, "percent_covered": 100.0, "percent_covered_display": "100", "missing_lines": 0, "excluded_lines": 0, "percent_statements_covered": 100.0, "percent_statements_covered_display": "100"}, "missing_lines": [], "excluded_lines": []}, "track_http_metrics.decorator": {"executed_lines": [247, 286], "summary": {"covered_lines": 2, "num_statements": 2, "percent_covered": 100.0, "percent_covered_display": "100", "missing_lines": 0, "excluded_lines": 0, "percent_statements_covered": 100.0, "percent_statements_covered_display": "100"}, "missing_lines": [], "excluded_lines": []}, "track_http_metrics.decorator.wrapper": {"executed_lines": [248, 250, 251, 252, 255, 256, 257, 260, 261, 262, 263, 264, 266, 267, 269, 270, 273, 274, 275, 277, 283, 284], "summary": {"covered_lines": 22, "num_statements": 26, "percent_covered": 84.61538461538461, "percent_covered_display": "85", "missing_lines": 4, "excluded_lines": 0, "percent_statements_covered": 84.61538461538461, "percent_statements_covered_display": "85"}, "missing_lines": [278, 279, 280, 281], "excluded_lines": []}, "track_business_metrics": {"executed_lines": [295, 322], "summary": {"covered_lines": 2, "num_statements": 2, "percent_covered": 100.0, "percent_covered_display": "100", "missing_lines": 0, "excluded_lines": 0, "percent_statements_covered": 100.0, "percent_statements_covered_display": "100"}, "missing_lines": [], "excluded_lines": []}, "track_business_metrics.decorator": {"executed_lines": [296, 320], "summary": {"covered_lines": 2, "num_statements": 2, "percent_covered": 100.0, "percent_covered_display": "100", "missing_lines": 0, "excluded_lines": 0, "percent_statements_covered": 100.0, "percent_statements_covered_display": "100"}, "missing_lines": [], "excluded_lines": []}, "track_business_metrics.decorator.wrapper": {"executed_lines": [297, 298, 300, 302, 303, 304, 305, 307, 308, 310, 311, 313, 315, 316, 317, 318], "summary": {"covered_lines": 16, "num_statements": 16, "percent_covered": 100.0, "percent_covered_display": "100", "missing_lines": 0, "excluded_lines": 0, "percent_statements_covered": 100.0, "percent_statements_covered_display": "100"}, "missing_lines": [], "excluded_lines": []}, "": {"executed_lines": [1, 6, 9, 10, 18, 73, 79, 86, 92, 98, 103, 109, 116, 123, 125, 127, 130, 137, 138, 140, 144, 159, 166, 173, 180, 189, 196, 203, 210, 217, 224, 233, 239, 243, 292], "summary": {"covered_lines": 33, "num_statements": 70, "percent_covered": 47.142857142857146, "percent_covered_display": "47", "missing_lines": 37, "excluded_lines": 0, "percent_statements_covered": 47.142857142857146, "percent_statements_covered_display": "47"}, "missing_lines": [19, 20, 21, 24, 25, 26, 27, 28, 30, 31, 33, 34, 36, 37, 38, 39, 40, 42, 43, 45, 46, 48, 49, 50, 51, 52, 54, 55, 57, 58, 60, 61, 63, 64, 66, 67, 69], "excluded_lines": []}}, "classes": {"MetricsCollector": {"executed_lines": [141, 142, 148, 151, 155, 161, 164, 168, 171, 175, 178, 182, 185, 187, 191, 194, 198, 201, 205, 208, 212, 215, 219, 222, 226, 231, 235], "summary": {"covered_lines": 27, "num_statements": 38, "percent_covered": 71.05263157894737, "percent_covered_display": "71", "missing_lines": 11, "excluded_lines": 0, "percent_statements_covered": 71.05263157894737, "percent_statements_covered_display": "71"}, "missing_lines": [149, 162, 169, 176, 183, 192, 199, 206, 213, 220, 227], "excluded_lines": []}, "": {"executed_lines": [1, 6, 9, 10, 18, 73, 79, 86, 92, 98, 103, 109, 116, 123, 125, 127, 130, 137, 138, 140, 144, 159, 166, 173, 180, 189, 196, 203, 210, 217, 224, 233, 239, 243, 246, 247, 248, 250, 251, 252, 255, 256, 257, 260, 261, 262, 263, 264, 266, 267, 269, 270, 273, 274, 275, 277, 283, 284, 286, 288, 292, 295, 296, 297, 298, 300, 302, 303, 304, 305, 307, 308, 310, 311, 313, 315, 316, 317, 318, 320, 322], "summary": {"covered_lines": 79, "num_statements": 120, "percent_covered": 65.83333333333333, "percent_covered_display": "66", "missing_lines": 41, "excluded_lines": 0, "percent_statements_covered": 65.83333333333333, "percent_statements_covered_display": "66"}, "missing_lines": [19, 20, 21, 24, 25, 26, 27, 28, 30, 31, 33, 34, 36, 37, 38, 39, 40, 42, 43, 45, 46, 48, 49, 50, 51, 52, 54, 55, 57, 58, 60, 61, 63, 64, 66, 67, 69, 278, 279, 280, 281], "excluded_lines": []}}}, "api/src/core/monitoring.py": {"executed_lines": [1, 5, 6, 7, 8, 9, 10, 13, 14, 15, 17, 18, 19, 20, 21, 22, 25, 26, 27, 29, 30, 31, 32, 33, 34, 35, 38, 39, 41, 42, 43, 44, 47, 48, 49, 51, 53, 55, 57, 59, 61, 104, 120, 128, 129, 130, 132, 133, 135, 137, 140, 141, 143, 145, 156, 158, 162], "summary": {"covered_lines": 53, "num_statements": 55, "percent_covered": 96.36363636363636, "percent_covered_display": "96", "missing_lines": 2, "excluded_lines": 0, "percent_statements_covered": 96.36363636363636, "percent_statements_covered_display": "96"}, "missing_lines": [106, 107], "excluded_lines": [], "functions": {"HealthMonitor.__init__": {"executed_lines": [42, 43, 44, 47, 48, 49], "summary": {"covered_lines": 6, "num_statements": 6, "percent_covered": 100.0, "percent_covered_display": "100", "missing_lines": 0, "excluded_lines": 0, "percent_statements_covered": 100.0, "percent_statements_covered_display": "100"}, "missing_lines": [], "excluded_lines": []}, "HealthMonitor.initialize": {"executed_lines": [53], "summary": {"covered_lines": 1, "num_statements": 1, "percent_covered": 100.0, "percent_covered_display": "100", "missing_lines": 0, "excluded_lines": 0, "percent_statements_covered": 100.0, "percent_statements_covered_display": "100"}, "missing_lines": [], "excluded_lines": []}, "HealthMonitor.check_basic_health": {"executed_lines": [57, 59, 61, 104], "summary": {"covered_lines": 4, "num_statements": 6, "percent_covered": 66.66666666666667, "percent_covered_display": "67", "missing_lines": 2, "excluded_lines": 0, "percent_statements_covered": 66.66666666666667, "percent_statements_covered_display": "67"}, "missing_lines": [106, 107], "excluded_lines": []}, "HealthMonitor.record_request_metrics": {"executed_lines": [128, 129, 130, 132, 133], "summary": {"covered_lines": 5, "num_statements": 5, "percent_covered": 100.0, "percent_covered_display": "100", "missing_lines": 0, "excluded_lines": 0, "percent_statements_covered": 100.0, "percent_statements_covered_display": "100"}, "missing_lines": [], "excluded_lines": []}, "HealthMonitor.get_system_metrics": {"executed_lines": [137, 140, 141, 143, 145, 156, 158], "summary": {"covered_lines": 7, "num_statements": 7, "percent_covered": 100.0, "percent_covered_display": "100", "missing_lines": 0, "excluded_lines": 0, "percent_statements_covered": 100.0, "percent_statements_covered_display": "100"}, "missing_lines": [], "excluded_lines": []}, "": {"executed_lines": [1, 5, 6, 7, 8, 9, 10, 13, 14, 15, 17, 18, 19, 20, 21, 22, 25, 26, 27, 29, 30, 31, 32, 33, 34, 35, 38, 39, 41, 51, 55, 120, 135, 162], "summary": {"covered_lines": 30, "num_statements": 30, "percent_covered": 100.0, "percent_covered_display": "100", "missing_lines": 0, "excluded_lines": 0, "percent_statements_covered": 100.0, "percent_statements_covered_display": "100"}, "missing_lines": [], "excluded_lines": []}}, "classes": {"HealthStatus": {"executed_lines": [], "summary": {"covered_lines": 0, "num_statements": 0, "percent_covered": 100.0, "percent_covered_display": "100", "missing_lines": 0, "excluded_lines": 0, "percent_statements_covered": 100.0, "percent_statements_covered_display": "100"}, "missing_lines": [], "excluded_lines": []}, "SystemMetrics": {"executed_lines": [], "summary": {"covered_lines": 0, "num_statements": 0, "percent_covered": 100.0, "percent_covered_display": "100", "missing_lines": 0, "excluded_lines": 0, "percent_statements_covered": 100.0, "percent_statements_covered_display": "100"}, "missing_lines": [], "excluded_lines": []}, "HealthMonitor": {"executed_lines": [42, 43, 44, 47, 48, 49, 53, 57, 59, 61, 104, 128, 129, 130, 132, 133, 137, 140, 141, 143, 145, 156, 158], "summary": {"covered_lines": 23, "num_statements": 25, "percent_covered": 92.0, "percent_covered_display": "92", "missing_lines": 2, "excluded_lines": 0, "percent_statements_covered": 92.0, "percent_statements_covered_display": "92"}, "missing_lines": [106, 107], "excluded_lines": []}, "": {"executed_lines": [1, 5, 6, 7, 8, 9, 10, 13, 14, 15, 17, 18, 19, 20, 21, 22, 25, 26, 27, 29, 30, 31, 32, 33, 34, 35, 38, 39, 41, 51, 55, 120, 135, 162], "summary": {"covered_lines": 30, "num_statements": 30, "percent_covered": 100.0, "percent_covered_display": "100", "missing_lines": 0, "excluded_lines": 0, "percent_statements_covered": 100.0, "percent_statements_covered_display": "100"}, "missing_lines": [], "excluded_lines": []}}}, "api/src/core/security.py": {"executed_lines": [1, 5, 6, 7, 8, 10, 11, 12, 13, 14, 15, 16, 18, 21, 24, 27, 30, 31, 33, 34, 35, 36, 39, 40, 42, 43, 44, 45, 46, 47, 50, 51, 53, 54, 55, 56, 57, 58, 61, 68, 81, 82, 88, 89, 95, 97, 110, 112, 113, 115, 119, 120, 121, 123, 133, 134, 135, 136, 137, 139, 153, 154, 157, 158, 159, 166, 167, 174, 175, 176, 182, 192, 194, 205, 207, 217, 219, 230, 232, 242, 248, 249, 251, 260, 264, 266, 269, 271, 274, 276, 279, 297, 312, 313, 315, 316, 318, 326, 332, 335, 350, 351, 354, 357, 372, 373], "summary": {"covered_lines": 102, "num_statements": 105, "percent_covered": 97.14285714285714, "percent_covered_display": "97", "missing_lines": 3, "excluded_lines": 0, "percent_statements_covered": 97.14285714285714, "percent_statements_covered_display": "97"}, "missing_lines": [168, 294, 319], "excluded_lines": [], "functions": {"SecurityManager.__init__": {"executed_lines": [54, 55, 56, 57, 58, 61], "summary": {"covered_lines": 6, "num_statements": 6, "percent_covered": 100.0, "percent_covered_display": "100", "missing_lines": 0, "excluded_lines": 0, "percent_statements_covered": 100.0, "percent_statements_covered_display": "100"}, "missing_lines": [], "excluded_lines": []}, "SecurityManager.verify_api_key": {"executed_lines": [81, 82, 88, 89, 95], "summary": {"covered_lines": 5, "num_statements": 5, "percent_covered": 100.0, "percent_covered_display": "100", "missing_lines": 0, "excluded_lines": 0, "percent_statements_covered": 100.0, "percent_statements_covered_display": "100"}, "missing_lines": [], "excluded_lines": []}, "SecurityManager.create_access_token": {"executed_lines": [110, 112, 113, 115, 119, 120, 121], "summary": {"covered_lines": 7, "num_statements": 7, "percent_covered": 100.0, "percent_covered_display": "100", "missing_lines": 0, "excluded_lines": 0, "percent_statements_covered": 100.0, "percent_statements_covered_display": "100"}, "missing_lines": [], "excluded_lines": []}, "SecurityManager.create_refresh_token": {"executed_lines": [133, 134, 135, 136, 137], "summary": {"covered_lines": 5, "num_statements": 5, "percent_covered": 100.0, "percent_covered_display": "100", "missing_lines": 0, "excluded_lines": 0, "percent_statements_covered": 100.0, "percent_statements_covered_display": "100"}, "missing_lines": [], "excluded_lines": []}, "SecurityManager.verify_token": {"executed_lines": [153, 154, 157, 158, 159, 166, 167, 174, 175, 176], "summary": {"covered_lines": 10, "num_statements": 11, "percent_covered": 90.9090909090909, "percent_covered_display": "91", "missing_lines": 1, "excluded_lines": 0, "percent_statements_covered": 90.9090909090909, "percent_statements_covered_display": "91"}, "missing_lines": [168], "excluded_lines": []}, "SecurityManager.hash_password": {"executed_lines": [192], "summary": {"covered_lines": 1, "num_statements": 1, "percent_covered": 100.0, "percent_covered_display": "100", "missing_lines": 0, "excluded_lines": 0, "percent_statements_covered": 100.0, "percent_statements_covered_display": "100"}, "missing_lines": [], "excluded_lines": []}, "SecurityManager.verify_password": {"executed_lines": [205], "summary": {"covered_lines": 1, "num_statements": 1, "percent_covered": 100.0, "percent_covered_display": "100", "missing_lines": 0, "excluded_lines": 0, "percent_statements_covered": 100.0, "percent_statements_covered_display": "100"}, "missing_lines": [], "excluded_lines": []}, "SecurityManager.create_secure_hash": {"executed_lines": [217], "summary": {"covered_lines": 1, "num_statements": 1, "percent_covered": 100.0, "percent_covered_display": "100", "missing_lines": 0, "excluded_lines": 0, "percent_statements_covered": 100.0, "percent_statements_covered_display": "100"}, "missing_lines": [], "excluded_lines": []}, "SecurityManager.verify_secure_hash": {"executed_lines": [230], "summary": {"covered_lines": 1, "num_statements": 1, "percent_covered": 100.0, "percent_covered_display": "100", "missing_lines": 0, "excluded_lines": 0, "percent_statements_covered": 100.0, "percent_statements_covered_display": "100"}, "missing_lines": [], "excluded_lines": []}, "SecurityManager.create_user_token": {"executed_lines": [242, 248, 249, 251], "summary": {"covered_lines": 4, "num_statements": 4, "percent_covered": 100.0, "percent_covered_display": "100", "missing_lines": 0, "excluded_lines": 0, "percent_statements_covered": 100.0, "percent_statements_covered_display": "100"}, "missing_lines": [], "excluded_lines": []}, "rate_limit_upload": {"executed_lines": [266], "summary": {"covered_lines": 1, "num_statements": 1, "percent_covered": 100.0, "percent_covered_display": "100", "missing_lines": 0, "excluded_lines": 0, "percent_statements_covered": 100.0, "percent_statements_covered_display": "100"}, "missing_lines": [], "excluded_lines": []}, "rate_limit_calculate": {"executed_lines": [271], "summary": {"covered_lines": 1, "num_statements": 1, "percent_covered": 100.0, "percent_covered_display": "100", "missing_lines": 0, "excluded_lines": 0, "percent_statements_covered": 100.0, "percent_statements_covered_display": "100"}, "missing_lines": [], "excluded_lines": []}, "rate_limit_view": {"executed_lines": [276], "summary": {"covered_lines": 1, "num_statements": 1, "percent_covered": 100.0, "percent_covered_display": "100", "missing_lines": 0, "excluded_lines": 0, "percent_statements_covered": 100.0, "percent_statements_covered_display": "100"}, "missing_lines": [], "excluded_lines": []}, "get_api_key": {"executed_lines": [], "summary": {"covered_lines": 0, "num_statements": 1, "percent_covered": 0.0, "percent_covered_display": "0", "missing_lines": 1, "excluded_lines": 0, "percent_statements_covered": 0.0, "percent_statements_covered_display": "0"}, "missing_lines": [294], "excluded_lines": []}, "get_current_user": {"executed_lines": [312, 313, 315, 316, 318, 326, 332], "summary": {"covered_lines": 7, "num_statements": 8, "percent_covered": 87.5, "percent_covered_display": "88", "missing_lines": 1, "excluded_lines": 0, "percent_statements_covered": 87.5, "percent_statements_covered_display": "88"}, "missing_lines": [319], "excluded_lines": []}, "get_current_active_user": {"executed_lines": [350, 351, 354], "summary": {"covered_lines": 3, "num_statements": 3, "percent_covered": 100.0, "percent_covered_display": "100", "missing_lines": 0, "excluded_lines": 0, "percent_statements_covered": 100.0, "percent_statements_covered_display": "100"}, "missing_lines": [], "excluded_lines": []}, "get_current_token": {"executed_lines": [372, 373], "summary": {"covered_lines": 2, "num_statements": 2, "percent_covered": 100.0, "percent_covered_display": "100", "missing_lines": 0, "excluded_lines": 0, "percent_statements_covered": 100.0, "percent_statements_covered_display": "100"}, "missing_lines": [], "excluded_lines": []}, "": {"executed_lines": [1, 5, 6, 7, 8, 10, 11, 12, 13, 14, 15, 16, 18, 21, 24, 27, 30, 31, 33, 34, 35, 36, 39, 40, 42, 43, 44, 45, 46, 47, 50, 51, 53, 68, 97, 123, 139, 182, 194, 207, 219, 232, 260, 264, 269, 274, 279, 297, 335, 357], "summary": {"covered_lines": 46, "num_statements": 46, "percent_covered": 100.0, "percent_covered_display": "100", "missing_lines": 0, "excluded_lines": 0, "percent_statements_covered": 100.0, "percent_statements_covered_display": "100"}, "missing_lines": [], "excluded_lines": []}}, "classes": {"TokenData": {"executed_lines": [], "summary": {"covered_lines": 0, "num_statements": 0, "percent_covered": 100.0, "percent_covered_display": "100", "missing_lines": 0, "excluded_lines": 0, "percent_statements_covered": 100.0, "percent_statements_covered_display": "100"}, "missing_lines": [], "excluded_lines": []}, "User": {"executed_lines": [], "summary": {"covered_lines": 0, "num_statements": 0, "percent_covered": 100.0, "percent_covered_display": "100", "missing_lines": 0, "excluded_lines": 0, "percent_statements_covered": 100.0, "percent_statements_covered_display": "100"}, "missing_lines": [], "excluded_lines": []}, "SecurityManager": {"executed_lines": [54, 55, 56, 57, 58, 61, 81, 82, 88, 89, 95, 110, 112, 113, 115, 119, 120, 121, 133, 134, 135, 136, 137, 153, 154, 157, 158, 159, 166, 167, 174, 175, 176, 192, 205, 217, 230, 242, 248, 249, 251], "summary": {"covered_lines": 41, "num_statements": 42, "percent_covered": 97.61904761904762, "percent_covered_display": "98", "missing_lines": 1, "excluded_lines": 0, "percent_statements_covered": 97.61904761904762, "percent_statements_covered_display": "98"}, "missing_lines": [168], "excluded_lines": []}, "": {"executed_lines": [1, 5, 6, 7, 8, 10, 11, 12, 13, 14, 15, 16, 18, 21, 24, 27, 30, 31, 33, 34, 35, 36, 39, 40, 42, 43, 44, 45, 46, 47, 50, 51, 53, 68, 97, 123, 139, 182, 194, 207, 219, 232, 260, 264, 266, 269, 271, 274, 276, 279, 297, 312, 313, 315, 316, 318, 326, 332, 335, 350, 351, 354, 357, 372, 373], "summary": {"covered_lines": 61, "num_statements": 63, "percent_covered": 96.82539682539682, "percent_covered_display": "97", "missing_lines": 2, "excluded_lines": 0, "percent_statements_covered": 96.82539682539682, "percent_statements_covered_display": "97"}, "missing_lines": [294, 319], "excluded_lines": []}}}, "api/src/core/sentry_config.py": {"executed_lines": [1, 6, 7, 8, 9, 11, 12, 13, 15, 23, 24, 26, 27, 28, 29, 31, 33, 34, 37, 39, 41, 45, 55, 56, 57, 59, 60, 61, 63, 81, 92, 94, 95, 97, 98, 99, 100, 102, 104, 108, 109, 111, 112, 116, 118, 120, 121, 123, 124, 125, 126, 127, 129, 130, 132, 136, 137, 139, 143, 151, 152, 154, 156, 157, 158, 159, 161, 165, 166, 171, 178, 181, 183, 186, 188, 191, 193, 196, 198, 201, 203, 206, 213, 217, 220, 221, 222, 223, 225, 226, 229, 231, 233, 235, 238, 243, 245, 247, 249], "summary": {"covered_lines": 97, "num_statements": 117, "percent_covered": 82.90598290598291, "percent_covered_display": "83", "missing_lines": 20, "excluded_lines": 0, "percent_statements_covered": 82.90598290598291, "percent_statements_covered_display": "83"}, "missing_lines": [16, 17, 18, 19, 20, 66, 67, 69, 70, 73, 77, 79, 84, 85, 88, 90, 113, 114, 162, 163], "excluded_lines": [], "functions": {"SentryTracker.__init__": {"executed_lines": [27, 28, 29], "summary": {"covered_lines": 3, "num_statements": 3, "percent_covered": 100.0, "percent_covered_display": "100", "missing_lines": 0, "excluded_lines": 0, "percent_statements_covered": 100.0, "percent_statements_covered_display": "100"}, "missing_lines": [], "excluded_lines": []}, "SentryTracker.initialize": {"executed_lines": [33, 34, 37, 39, 41, 45, 55, 56, 57, 59, 60, 61], "summary": {"covered_lines": 12, "num_statements": 12, "percent_covered": 100.0, "percent_covered_display": "100", "missing_lines": 0, "excluded_lines": 0, "percent_statements_covered": 100.0, "percent_statements_covered_display": "100"}, "missing_lines": [], "excluded_lines": []}, "SentryTracker._before_send": {"executed_lines": [], "summary": {"covered_lines": 0, "num_statements": 7, "percent_covered": 0.0, "percent_covered_display": "0", "missing_lines": 7, "excluded_lines": 0, "percent_statements_covered": 0.0, "percent_statements_covered_display": "0"}, "missing_lines": [66, 67, 69, 70, 73, 77, 79], "excluded_lines": []}, "SentryTracker._before_send_transaction": {"executed_lines": [], "summary": {"covered_lines": 0, "num_statements": 4, "percent_covered": 0.0, "percent_covered_display": "0", "missing_lines": 4, "excluded_lines": 0, "percent_statements_covered": 0.0, "percent_statements_covered_display": "0"}, "missing_lines": [84, 85, 88, 90], "excluded_lines": []}, "SentryTracker.capture_exception": {"executed_lines": [94, 95, 97, 98, 99, 100, 102], "summary": {"covered_lines": 7, "num_statements": 7, "percent_covered": 100.0, "percent_covered_display": "100", "missing_lines": 0, "excluded_lines": 0, "percent_statements_covered": 100.0, "percent_statements_covered_display": "100"}, "missing_lines": [], "excluded_lines": []}, "SentryTracker.capture_message": {"executed_lines": [108, 109, 111, 112, 116], "summary": {"covered_lines": 5, "num_statements": 7, "percent_covered": 71.42857142857143, "percent_covered_display": "71", "missing_lines": 2, "excluded_lines": 0, "percent_statements_covered": 71.42857142857143, "percent_statements_covered_display": "71"}, "missing_lines": [113, 114], "excluded_lines": []}, "SentryTracker.set_user_context": {"executed_lines": [120, 121, 123, 124, 125, 126, 127, 129, 130], "summary": {"covered_lines": 9, "num_statements": 9, "percent_covered": 100.0, "percent_covered_display": "100", "missing_lines": 0, "excluded_lines": 0, "percent_statements_covered": 100.0, "percent_statements_covered_display": "100"}, "missing_lines": [], "excluded_lines": []}, "SentryTracker.add_breadcrumb": {"executed_lines": [136, 137, 139], "summary": {"covered_lines": 3, "num_statements": 3, "percent_covered": 100.0, "percent_covered_display": "100", "missing_lines": 0, "excluded_lines": 0, "percent_statements_covered": 100.0, "percent_statements_covered_display": "100"}, "missing_lines": [], "excluded_lines": []}, "SentryTracker.track_performance": {"executed_lines": [151, 152, 154, 156, 157, 158, 159, 161, 165, 166, 171], "summary": {"covered_lines": 11, "num_statements": 13, "percent_covered": 84.61538461538461, "percent_covered_display": "85", "missing_lines": 2, "excluded_lines": 0, "percent_statements_covered": 84.61538461538461, "percent_statements_covered_display": "85"}, "missing_lines": [162, 163], "excluded_lines": []}, "init_sentry": {"executed_lines": [183], "summary": {"covered_lines": 1, "num_statements": 1, "percent_covered": 100.0, "percent_covered_display": "100", "missing_lines": 0, "excluded_lines": 0, "percent_statements_covered": 100.0, "percent_statements_covered_display": "100"}, "missing_lines": [], "excluded_lines": []}, "capture_error": {"executed_lines": [188], "summary": {"covered_lines": 1, "num_statements": 1, "percent_covered": 100.0, "percent_covered_display": "100", "missing_lines": 0, "excluded_lines": 0, "percent_statements_covered": 100.0, "percent_statements_covered_display": "100"}, "missing_lines": [], "excluded_lines": []}, "capture_message": {"executed_lines": [193], "summary": {"covered_lines": 1, "num_statements": 1, "percent_covered": 100.0, "percent_covered_display": "100", "missing_lines": 0, "excluded_lines": 0, "percent_statements_covered": 100.0, "percent_statements_covered_display": "100"}, "missing_lines": [], "excluded_lines": []}, "set_user_context": {"executed_lines": [198], "summary": {"covered_lines": 1, "num_statements": 1, "percent_covered": 100.0, "percent_covered_display": "100", "missing_lines": 0, "excluded_lines": 0, "percent_statements_covered": 100.0, "percent_statements_covered_display": "100"}, "missing_lines": [], "excluded_lines": []}, "add_breadcrumb": {"executed_lines": [203], "summary": {"covered_lines": 1, "num_statements": 1, "percent_covered": 100.0, "percent_covered_display": "100", "missing_lines": 0, "excluded_lines": 0, "percent_statements_covered": 100.0, "percent_statements_covered_display": "100"}, "missing_lines": [], "excluded_lines": []}, "track_performance": {"executed_lines": [213], "summary": {"covered_lines": 1, "num_statements": 1, "percent_covered": 100.0, "percent_covered_display": "100", "missing_lines": 0, "excluded_lines": 0, "percent_statements_covered": 100.0, "percent_statements_covered_display": "100"}, "missing_lines": [], "excluded_lines": []}, "track_errors": {"executed_lines": [220, 249], "summary": {"covered_lines": 2, "num_statements": 2, "percent_covered": 100.0, "percent_covered_display": "100", "missing_lines": 0, "excluded_lines": 0, "percent_statements_covered": 100.0, "percent_statements_covered_display": "100"}, "missing_lines": [], "excluded_lines": []}, "track_errors.decorator": {"executed_lines": [221, 247], "summary": {"covered_lines": 2, "num_statements": 2, "percent_covered": 100.0, "percent_covered_display": "100", "missing_lines": 0, "excluded_lines": 0, "percent_statements_covered": 100.0, "percent_statements_covered_display": "100"}, "missing_lines": [], "excluded_lines": []}, "track_errors.decorator.wrapper": {"executed_lines": [222, 223, 225, 226, 229, 231, 233, 235, 238, 243, 245], "summary": {"covered_lines": 11, "num_statements": 11, "percent_covered": 100.0, "percent_covered_display": "100", "missing_lines": 0, "excluded_lines": 0, "percent_statements_covered": 100.0, "percent_statements_covered_display": "100"}, "missing_lines": [], "excluded_lines": []}, "": {"executed_lines": [1, 6, 7, 8, 9, 11, 12, 13, 15, 23, 24, 26, 31, 63, 81, 92, 104, 118, 132, 143, 178, 181, 186, 191, 196, 201, 206, 217], "summary": {"covered_lines": 26, "num_statements": 31, "percent_covered": 83.87096774193549, "percent_covered_display": "84", "missing_lines": 5, "excluded_lines": 0, "percent_statements_covered": 83.87096774193549, "percent_statements_covered_display": "84"}, "missing_lines": [16, 17, 18, 19, 20], "excluded_lines": []}}, "classes": {"SentryTracker": {"executed_lines": [27, 28, 29, 33, 34, 37, 39, 41, 45, 55, 56, 57, 59, 60, 61, 94, 95, 97, 98, 99, 100, 102, 108, 109, 111, 112, 116, 120, 121, 123, 124, 125, 126, 127, 129, 130, 136, 137, 139, 151, 152, 154, 156, 157, 158, 159, 161, 165, 166, 171], "summary": {"covered_lines": 50, "num_statements": 65, "percent_covered": 76.92307692307692, "percent_covered_display": "77", "missing_lines": 15, "excluded_lines": 0, "percent_statements_covered": 76.92307692307692, "percent_statements_covered_display": "77"}, "missing_lines": [66, 67, 69, 70, 73, 77, 79, 84, 85, 88, 90, 113, 114, 162, 163], "excluded_lines": []}, "": {"executed_lines": [1, 6, 7, 8, 9, 11, 12, 13, 15, 23, 24, 26, 31, 63, 81, 92, 104, 118, 132, 143, 178, 181, 183, 186, 188, 191, 193, 196, 198, 201, 203, 206, 213, 217, 220, 221, 222, 223, 225, 226, 229, 231, 233, 235, 238, 243, 245, 247, 249], "summary": {"covered_lines": 47, "num_statements": 52, "percent_covered": 90.38461538461539, "percent_covered_display": "90", "missing_lines": 5, "excluded_lines": 0, "percent_statements_covered": 90.38461538461539, "percent_statements_covered_display": "90"}, "missing_lines": [16, 17, 18, 19, 20], "excluded_lines": []}}}, "api/src/core/settings.py": {"executed_lines": [1, 7, 9, 10, 13, 14, 39, 42, 46, 52, 56, 60, 66, 70, 74, 78, 82, 88, 94, 100, 107, 113, 119, 127, 135, 141, 149, 154, 159, 165, 166, 167, 168, 169, 171, 172, 173, 174, 175, 177, 179, 180, 181, 182, 183, 186, 188, 189, 191, 193, 194, 196, 197, 199, 216, 217, 231, 234], "summary": {"covered_lines": 56, "num_statements": 61, "percent_covered": 91.80327868852459, "percent_covered_display": "92", "missing_lines": 5, "excluded_lines": 0, "percent_statements_covered": 91.80327868852459, "percent_statements_covered_display": "92"}, "missing_lines": [176, 208, 213, 243, 244], "excluded_lines": [], "functions": {"Settings.validate_log_level": {"executed_lines": [174, 175, 177], "summary": {"covered_lines": 3, "num_statements": 4, "percent_covered": 75.0, "percent_covered_display": "75", "missing_lines": 1, "excluded_lines": 0, "percent_statements_covered": 75.0, "percent_statements_covered_display": "75"}, "missing_lines": [176], "excluded_lines": []}, "Settings.validate_minio_endpoint": {"executed_lines": [182, 183, 186], "summary": {"covered_lines": 3, "num_statements": 3, "percent_covered": 100.0, "percent_covered_display": "100", "missing_lines": 0, "excluded_lines": 0, "percent_statements_covered": 100.0, "percent_statements_covered_display": "100"}, "missing_lines": [], "excluded_lines": []}, "Settings.minio_host": {"executed_lines": [191], "summary": {"covered_lines": 1, "num_statements": 1, "percent_covered": 100.0, "percent_covered_display": "100", "missing_lines": 0, "excluded_lines": 0, "percent_statements_covered": 100.0, "percent_statements_covered_display": "100"}, "missing_lines": [], "excluded_lines": []}, "Settings.minio_port": {"executed_lines": [196, 197], "summary": {"covered_lines": 2, "num_statements": 2, "percent_covered": 100.0, "percent_covered_display": "100", "missing_lines": 0, "excluded_lines": 0, "percent_statements_covered": 100.0, "percent_statements_covered_display": "100"}, "missing_lines": [], "excluded_lines": []}, "Settings.get_cache_ttl_hours": {"executed_lines": [], "summary": {"covered_lines": 0, "num_statements": 2, "percent_covered": 0.0, "percent_covered_display": "0", "missing_lines": 2, "excluded_lines": 0, "percent_statements_covered": 0.0, "percent_statements_covered_display": "0"}, "missing_lines": [208, 213], "excluded_lines": []}, "get_settin
[...]
penrouter_config": {"executed_lines": [], "summary": {"covered_lines": 0, "num_statements": 7, "percent_covered": 0.0, "percent_covered_display": "0", "missing_lines": 7, "excluded_lines": 0, "percent_statements_covered": 0.0, "percent_statements_covered_display": "0"}, "missing_lines": [196, 197, 198, 201, 202, 203, 204], "excluded_lines": []}, "_build_headers": {"executed_lines": [], "summary": {"covered_lines": 0, "num_statements": 6, "percent_covered": 0.0, "percent_covered_display": "0", "missing_lines": 6, "excluded_lines": 0, "percent_statements_covered": 0.0, "percent_statements_covered_display": "0"}, "missing_lines": [211, 216, 217, 218, 219, 220], "excluded_lines": []}, "_detect_mime_type": {"executed_lines": [], "summary": {"covered_lines": 0, "num_statements": 7, "percent_covered": 0.0, "percent_covered_display": "0", "missing_lines": 7, "excluded_lines": 0, "percent_statements_covered": 0.0, "percent_statements_covered_display": "0"}, "missing_lines": [225, 226, 227, 228, 229, 232, 234], "excluded_lines": []}, "_encode_image_for_payload": {"executed_lines": [], "summary": {"covered_lines": 0, "num_statements": 3, "percent_covered": 0.0, "percent_covered_display": "0", "missing_lines": 3, "excluded_lines": 0, "percent_statements_covered": 0.0, "percent_statements_covered_display": "0"}, "missing_lines": [248, 249, 250], "excluded_lines": []}, "_call_openrouter_async": {"executed_lines": [], "summary": {"covered_lines": 0, "num_statements": 17, "percent_covered": 0.0, "percent_covered_display": "0", "missing_lines": 17, "excluded_lines": 0, "percent_statements_covered": 0.0, "percent_statements_covered_display": "0"}, "missing_lines": [279, 280, 287, 289, 290, 296, 297, 299, 300, 303, 304, 305, 306, 310, 311, 312, 313], "excluded_lines": []}, "_extract_message_text_async": {"executed_lines": [], "summary": {"covered_lines": 0, "num_statements": 17, "percent_covered": 0.0, "percent_covered_display": "0", "missing_lines": 17, "excluded_lines": 0, "percent_statements_covered": 0.0, "percent_statements_covered_display": "0"}, "missing_lines": [320, 321, 322, 324, 325, 326, 327, 329, 330, 331, 332, 333, 334, 335, 336, 337, 339], "excluded_lines": []}, "_parse_json_response": {"executed_lines": [], "summary": {"covered_lines": 0, "num_statements": 17, "percent_covered": 0.0, "percent_covered_display": "0", "missing_lines": 17, "excluded_lines": 0, "percent_statements_covered": 0.0, "percent_statements_covered_display": "0"}, "missing_lines": [344, 346, 347, 352, 355, 356, 357, 358, 361, 362, 363, 364, 365, 366, 367, 368, 372], "excluded_lines": []}, "classify_image_as_receipt_async": {"executed_lines": [], "summary": {"covered_lines": 0, "num_statements": 33, "percent_covered": 0.0, "percent_covered_display": "0", "missing_lines": 33, "excluded_lines": 0, "percent_statements_covered": 0.0, "percent_statements_covered_display": "0"}, "missing_lines": [390, 391, 392, 393, 420, 421, 422, 423, 424, 426, 427, 431, 432, 434, 435, 438, 439, 444, 445, 448, 451, 456, 457, 462, 465, 473, 474, 477, 479, 482, 483, 484, 485], "excluded_lines": []}, "extract_receipt_data_async": {"executed_lines": [], "summary": {"covered_lines": 0, "num_statements": 40, "percent_covered": 0.0, "percent_covered_display": "0", "missing_lines": 40, "excluded_lines": 0, "percent_statements_covered": 0.0, "percent_statements_covered_display": "0"}, "missing_lines": [501, 502, 506, 507, 508, 509, 511, 512, 517, 518, 519, 520, 522, 523, 547, 548, 549, 550, 551, 553, 554, 557, 559, 560, 562, 564, 565, 567, 568, 569, 570, 571, 574, 575, 576, 577, 578, 580, 581, 582], "excluded_lines": []}, "classify_image_as_receipt": {"executed_lines": [], "summary": {"covered_lines": 0, "num_statements": 7, "percent_covered": 0.0, "percent_covered_display": "0", "missing_lines": 7, "excluded_lines": 0, "percent_statements_covered": 0.0, "percent_statements_covered_display": "0"}, "missing_lines": [596, 598, 599, 600, 601, 602, 604], "excluded_lines": []}, "extract_receipt_data": {"executed_lines": [], "summary": {"covered_lines": 0, "num_statements": 7, "percent_covered": 0.0, "percent_covered_display": "0", "missing_lines": 7, "excluded_lines": 0, "percent_statements_covered": 0.0, "percent_statements_covered_display": "0"}, "missing_lines": [613, 615, 616, 617, 618, 619, 621], "excluded_lines": []}, "": {"executed_lines": [1, 7, 8, 9, 10, 11, 12, 13, 15, 16, 17, 18, 20, 23, 26, 29, 30, 32, 33, 34, 37, 38, 40, 41, 44, 45, 47, 48, 51, 52, 54, 55, 58, 61, 62, 63, 64, 67, 70, 75, 76, 77, 79, 80, 81, 82, 85, 183, 194, 209, 223, 246, 258, 318, 342, 377, 488, 590, 607, 625], "summary": {"covered_lines": 54, "num_statements": 54, "percent_covered": 100.0, "percent_covered_display": "100", "missing_lines": 0, "excluded_lines": 0, "percent_statements_covered": 100.0, "percent_statements_covered_display": "100"}, "missing_lines": [], "excluded_lines": []}}, "classes": {"LineItem": {"executed_lines": [], "summary": {"covered_lines": 0, "num_statements": 0, "percent_covered": 100.0, "percent_covered_display": "100", "missing_lines": 0, "excluded_lines": 0, "percent_statements_covered": 100.0, "percent_statements_covered_display": "100"}, "missing_lines": [], "excluded_lines": []}, "Discount": {"executed_lines": [], "summary": {"covered_lines": 0, "num_statements": 0, "percent_covered": 100.0, "percent_covered_display": "100", "missing_lines": 0, "excluded_lines": 0, "percent_statements_covered": 100.0, "percent_statements_covered_display": "100"}, "missing_lines": [], "excluded_lines": []}, "TaxDetail": {"executed_lines": [], "summary": {"covered_lines": 0, "num_statements": 0, "percent_covered": 100.0, "percent_covered_display": "100", "missing_lines": 0, "excluded_lines": 0, "percent_statements_covered": 100.0, "percent_statements_covered_display": "100"}, "missing_lines": [], "excluded_lines": []}, "ReceiptData": {"executed_lines": [], "summary": {"covered_lines": 0, "num_statements": 0, "percent_covered": 100.0, "percent_covered_display": "100", "missing_lines": 0, "excluded_lines": 0, "percent_statements_covered": 100.0, "percent_statements_covered_display": "100"}, "missing_lines": [], "excluded_lines": []}, "OpenRouterConfig": {"executed_lines": [], "summary": {"covered_lines": 0, "num_statements": 0, "percent_covered": 100.0, "percent_covered_display": "100", "missing_lines": 0, "excluded_lines": 0, "percent_statements_covered": 100.0, "percent_statements_covered_display": "100"}, "missing_lines": [], "excluded_lines": []}, "": {"executed_lines": [1, 7, 8, 9, 10, 11, 12, 13, 15, 16, 17, 18, 20, 23, 26, 29, 30, 32, 33, 34, 37, 38, 40, 41, 44, 45, 47, 48, 51, 52, 54, 55, 58, 61, 62, 63, 64, 67, 70, 75, 76, 77, 79, 80, 81, 82, 85, 183, 194, 209, 223, 246, 258, 318, 342, 377, 488, 590, 607, 625], "summary": {"covered_lines": 54, "num_statements": 217, "percent_covered": 24.88479262672811, "percent_covered_display": "25", "missing_lines": 163, "excluded_lines": 0, "percent_statements_covered": 24.88479262672811, "percent_statements_covered_display": "25"}, "missing_lines": [87, 185, 196, 197, 198, 201, 202, 203, 204, 211, 216, 217, 218, 219, 220, 225, 226, 227, 228, 229, 232, 234, 248, 249, 250, 279, 280, 287, 289, 290, 296, 297, 299, 300, 303, 304, 305, 306, 310, 311, 312, 313, 320, 321, 322, 324, 325, 326, 327, 329, 330, 331, 332, 333, 334, 335, 336, 337, 339, 344, 346, 347, 352, 355, 356, 357, 358, 361, 362, 363, 364, 365, 366, 367, 368, 372, 390, 391, 392, 393, 420, 421, 422, 423, 424, 426, 427, 431, 432, 434, 435, 438, 439, 444, 445, 448, 451, 456, 457, 462, 465, 473, 474, 477, 479, 482, 483, 484, 485, 501, 502, 506, 507, 508, 509, 511, 512, 517, 518, 519, 520, 522, 523, 547, 548, 549, 550, 551, 553, 554, 557, 559, 560, 562, 564, 565, 567, 568, 569, 570, 571, 574, 575, 576, 577, 578, 580, 581, 582, 596, 598, 599, 600, 601, 602, 604, 613, 615, 616, 617, 618, 619, 621], "excluded_lines": []}}}, "api/src/services/split_logic.py": {"executed_lines": [2, 3, 4, 5, 8, 11, 13, 15, 16, 19, 21, 23, 26, 29, 30, 31, 33, 35, 36, 42, 46, 47, 48, 50, 51, 54, 55, 58, 68, 69, 70, 75, 84, 85, 87, 88, 91, 93, 100, 102, 103, 106, 109, 112, 114, 118, 119, 120, 129, 130, 131, 132, 133, 134, 138, 142, 150, 152, 157, 160, 164, 165, 166, 174, 177, 180, 202, 212, 213, 224, 225, 226, 231, 232, 235, 236, 237, 238, 239, 240, 241, 242, 243, 244, 246, 249, 278], "summary": {"covered_lines": 87, "num_statements": 154, "percent_covered": 56.493506493506494, "percent_covered_display": "56", "missing_lines": 67, "excluded_lines": 0, "percent_statements_covered": 56.493506493506494, "percent_statements_covered_display": "56"}, "missing_lines": [14, 22, 34, 37, 38, 39, 49, 52, 59, 60, 63, 64, 65, 71, 72, 110, 145, 148, 181, 184, 185, 187, 193, 194, 195, 196, 197, 200, 201, 207, 214, 217, 218, 219, 220, 221, 222, 251, 252, 254, 255, 256, 257, 258, 260, 261, 263, 264, 265, 266, 275, 280, 294, 295, 296, 298, 299, 300, 306, 309, 312, 316, 318, 327, 330, 333, 342], "excluded_lines": [], "functions": {"clean_number_string": {"executed_lines": [13, 15, 16], "summary": {"covered_lines": 3, "num_statements": 4, "percent_covered": 75.0, "percent_covered_display": "75", "missing_lines": 1, "excluded_lines": 0, "percent_statements_covered": 75.0, "percent_statements_covered_display": "75"}, "missing_lines": [14], "excluded_lines": []}, "parse_quantity": {"executed_lines": [21, 23, 26, 29, 30, 31, 33, 35, 36], "summary": {"covered_lines": 9, "num_statements": 14, "percent_covered": 64.28571428571429, "percent_covered_display": "64", "missing_lines": 5, "excluded_lines": 0, "percent_statements_covered": 64.28571428571429, "percent_statements_covered_display": "64"}, "missing_lines": [22, 34, 37, 38, 39], "excluded_lines": []}, "clean_and_convert_number": {"executed_lines": [46, 47, 48, 50, 51, 54, 55, 58, 68, 69, 70], "summary": {"covered_lines": 11, "num_statements": 20, "percent_covered": 55.0, "percent_covered_display": "55", "missing_lines": 9, "excluded_lines": 0, "percent_statements_covered": 55.0, "percent_statements_covered_display": "55"}, "missing_lines": [49, 52, 59, 60, 63, 64, 65, 71, 72], "excluded_lines": []}, "calculate_split": {"executed_lines": [84, 85, 87, 88, 91, 93, 100, 102, 103, 106, 109, 112, 114, 118, 119, 120, 129, 130, 131, 132, 133, 134, 138, 142, 150, 152, 157, 160, 164, 165, 166, 174, 177, 180, 202, 212, 213, 224, 225, 226, 231, 232, 235, 236, 237, 238, 239, 240, 241, 242, 243, 244, 246], "summary": {"covered_lines": 53, "num_statements": 75, "percent_covered": 70.66666666666667, "percent_covered_display": "71", "missing_lines": 22, "excluded_lines": 0, "percent_statements_covered": 70.66666666666667, "percent_statements_covered_display": "71"}, "missing_lines": [110, 145, 148, 181, 184, 185, 187, 193, 194, 195, 196, 197, 200, 201, 207, 214, 217, 218, 219, 220, 221, 222], "excluded_lines": []}, "process_item_assignments": {"executed_lines": [], "summary": {"covered_lines": 0, "num_statements": 14, "percent_covered": 0.0, "percent_covered_display": "0", "missing_lines": 14, "excluded_lines": 0, "percent_statements_covered": 0.0, "percent_statements_covered_display": "0"}, "missing_lines": [251, 252, 254, 255, 256, 257, 258, 260, 261, 263, 264, 265, 266, 275], "excluded_lines": []}, "": {"executed_lines": [2, 3, 4, 5, 8, 11, 19, 42, 75, 249, 278], "summary": {"covered_lines": 11, "num_statements": 27, "percent_covered": 40.74074074074074, "percent_covered_display": "41", "missing_lines": 16, "excluded_lines": 0, "percent_statements_covered": 40.74074074074074, "percent_statements_covered_display": "41"}, "missing_lines": [280, 294, 295, 296, 298, 299, 300, 306, 309, 312, 316, 318, 327, 330, 333, 342], "excluded_lines": []}}, "classes": {"": {"executed_lines": [2, 3, 4, 5, 8, 11, 13, 15, 16, 19, 21, 23, 26, 29, 30, 31, 33, 35, 36, 42, 46, 47, 48, 50, 51, 54, 55, 58, 68, 69, 70, 75, 84, 85, 87, 88, 91, 93, 100, 102, 103, 106, 109, 112, 114, 118, 119, 120, 129, 130, 131, 132, 133, 134, 138, 142, 150, 152, 157, 160, 164, 165, 166, 174, 177, 180, 202, 212, 213, 224, 225, 226, 231, 232, 235, 236, 237, 238, 239, 240, 241, 242, 243, 244, 246, 249, 278], "summary": {"covered_lines": 87, "num_statements": 154, "percent_covered": 56.493506493506494, "percent_covered_display": "56", "missing_lines": 67, "excluded_lines": 0, "percent_statements_covered": 56.493506493506494, "percent_statements_covered_display": "56"}, "missing_lines": [14, 22, 34, 37, 38, 39, 49, 52, 59, 60, 63, 64, 65, 71, 72, 110, 145, 148, 181, 184, 185, 187, 193, 194, 195, 196, 197, 200, 201, 207, 214, 217, 218, 219, 220, 221, 222, 251, 252, 254, 255, 256, 257, 258, 260, 261, 263, 264, 265, 266, 275, 280, 294, 295, 296, 298, 299, 300, 306, 309, 312, 316, 318, 327, 330, 333, 342], "excluded_lines": []}}}, "api/src/services/storage_utils.py": {"executed_lines": [2, 3, 4, 5, 6, 8, 9, 12, 15, 19, 20, 21, 22, 23, 24, 26, 31, 33, 34, 35, 36, 37, 40, 42, 43, 44, 47, 50, 51, 52, 55, 61, 62, 63, 66, 67, 68, 76, 79, 80, 81, 87, 90, 94, 95, 96, 97, 98, 99, 101, 108, 111, 112, 113, 114, 122, 124, 125, 126, 127, 128, 129, 130, 131, 132, 133, 134, 135, 142, 150, 154, 155, 158, 160, 161, 164, 168, 169, 170, 173, 182, 184, 185, 186, 187, 188, 189, 190, 191, 194, 200, 203, 207, 210, 212, 215, 219, 222, 224, 227], "summary": {"covered_lines": 100, "num_statements": 143, "percent_covered": 69.93006993006993, "percent_covered_display": "70", "missing_lines": 43, "excluded_lines": 0, "percent_statements_covered": 69.93006993006993, "percent_statements_covered_display": "70"}, "missing_lines": [69, 70, 73, 74, 82, 83, 86, 115, 116, 119, 139, 143, 144, 147, 174, 175, 176, 177, 178, 179, 195, 196, 199, 228, 229, 230, 232, 233, 239, 240, 241, 242, 246, 247, 248, 249, 250, 251, 252, 254, 256, 258, 261], "excluded_lines": [], "functions": {"initialize_minio_globals": {"executed_lines": [33, 34, 35, 36, 37], "summary": {"covered_lines": 5, "num_statements": 5, "percent_covered": 100.0, "percent_covered_display": "100", "missing_lines": 0, "excluded_lines": 0, "percent_statements_covered": 100.0, "percent_statements_covered_display": "100"}, "missing_lines": [], "excluded_lines": []}, "get_storage_client": {"executed_lines": [42, 43, 44, 47, 50, 51, 52, 55, 61, 62, 63, 66, 67, 68, 76, 79, 80, 81, 87], "summary": {"covered_lines": 19, "num_statements": 26, "percent_covered": 73.07692307692308, "percent_covered_display": "73", "missing_lines": 7, "excluded_lines": 0, "percent_statements_covered": 73.07692307692308, "percent_statements_covered_display": "73"}, "missing_lines": [69, 70, 73, 74, 82, 83, 86], "excluded_lines": []}, "upload_to_storage": {"executed_lines": [94, 95, 96, 97, 98, 99, 101, 108, 111, 112, 113, 114], "summary": {"covered_lines": 12, "num_statements": 15, "percent_covered": 80.0, "percent_covered_display": "80", "missing_lines": 3, "excluded_lines": 0, "percent_statements_covered": 80.0, "percent_statements_covered_display": "80"}, "missing_lines": [115, 116, 119], "excluded_lines": []}, "get_from_storage": {"executed_lines": [124, 125, 126, 127, 128, 129, 130, 131, 132, 133, 134, 135, 142], "summary": {"covered_lines": 13, "num_statements": 17, "percent_covered": 76.47058823529412, "percent_covered_display": "76", "missing_lines": 4, "excluded_lines": 0, "percent_statements_covered": 76.47058823529412, "percent_statements_covered_display": "76"}, "missing_lines": [139, 143, 144, 147], "excluded_lines": []}, "upload_image_to_storage": {"executed_lines": [154, 155], "summary": {"covered_lines": 2, "num_statements": 2, "percent_covered": 100.0, "percent_covered_display": "100", "missing_lines": 0, "excluded_lines": 0, "percent_statements_covered": 100.0, "percent_statements_covered_display": "100"}, "missing_lines": [], "excluded_lines": []}, "get_image_from_storage": {"executed_lines": [160, 161], "summary": {"covered_lines": 2, "num_statements": 2, "percent_covered": 100.0, "percent_covered_display": "100", "missing_lines": 0, "excluded_lines": 0, "percent_statements_covered": 100.0, "percent_statements_covered_display": "100"}, "missing_lines": [], "excluded_lines": []}, "upload_metadata_to_storage": {"executed_lines": [168, 169, 170, 173], "summary": {"covered_lines": 4, "num_statements": 10, "percent_covered": 40.0, "percent_covered_display": "40", "missing_lines": 6, "excluded_lines": 0, "percent_statements_covered": 40.0, "percent_statements_covered_display": "40"}, "missing_lines": [174, 175, 176, 177, 178, 179], "excluded_lines": []}, "get_metadata_from_storage": {"executed_lines": [184, 185, 186, 187, 188, 189, 190, 191, 194, 200], "summary": {"covered_lines": 10, "num_statements": 13, "percent_covered": 76.92307692307692, "percent_covered_display": "77", "missing_lines": 3, "excluded_lines": 0, "percent_statements_covered": 76.92307692307692, "percent_statements_covered_display": "77"}, "missing_lines": [195, 196, 199], "excluded_lines": []}, "upload_image_to_minio": {"executed_lines": [207], "summary": {"covered_lines": 1, "num_statements": 1, "percent_covered": 100.0, "percent_covered_display": "100", "missing_lines": 0, "excluded_lines": 0, "percent_statements_covered": 100.0, "percent_statements_covered_display": "100"}, "missing_lines": [], "excluded_lines": []}, "get_image_from_minio": {"executed_lines": [212], "summary": {"covered_lines": 1, "num_statements": 1, "percent_covered": 100.0, "percent_covered_display": "100", "missing_lines": 0, "excluded_lines": 0, "percent_statements_covered": 100.0, "percent_statements_covered_display": "100"}, "missing_lines": [], "excluded_lines": []}, "upload_metadata_to_minio": {"executed_lines": [219], "summary": {"covered_lines": 1, "num_statements": 1, "percent_covered": 100.0, "percent_covered_display": "100", "missing_lines": 0, "excluded_lines": 0, "percent_statements_covered": 100.0, "percent_statements_covered_display": "100"}, "missing_lines": [], "excluded_lines": []}, "get_metadata_from_minio": {"executed_lines": [224], "summary": {"covered_lines": 1, "num_statements": 1, "percent_covered": 100.0, "percent_covered_display": "100", "missing_lines": 0, "excluded_lines": 0, "percent_statements_covered": 100.0, "percent_statements_covered_display": "100"}, "missing_lines": [], "excluded_lines": []}, "": {"executed_lines": [2, 3, 4, 5, 6, 8, 9, 12, 15, 19, 20, 21, 22, 23, 24, 26, 31, 40, 90, 122, 150, 158, 164, 182, 203, 210, 215, 222, 227], "summary": {"covered_lines": 29, "num_statements": 49, "percent_covered": 59.183673469387756, "percent_covered_display": "59", "missing_lines": 20, "excluded_lines": 0, "percent_statements_covered": 59.183673469387756, "percent_statements_covered_display": "59"}, "missing_lines": [228, 229, 230, 232, 233, 239, 240, 241, 242, 246, 247, 248, 249, 250, 251, 252, 254, 256, 258, 261], "excluded_lines": []}}, "classes": {"": {"executed_lines": [2, 3, 4, 5, 6, 8, 9, 12, 15, 19, 20, 21, 22, 23, 24, 26, 31, 33, 34, 35, 36, 37, 40, 42, 43, 44, 47, 50, 51, 52, 55, 61, 62, 63, 66, 67, 68, 76, 79, 80, 81, 87, 90, 94, 95, 96, 97, 98, 99, 101, 108, 111, 112, 113, 114, 122, 124, 125, 126, 127, 128, 129, 130, 131, 132, 133, 134, 135, 142, 150, 154, 155, 158, 160, 161, 164, 168, 169, 170, 173, 182, 184, 185, 186, 187, 188, 189, 190, 191, 194, 200, 203, 207, 210, 212, 215, 219, 222, 224, 227], "summary": {"covered_lines": 100, "num_statements": 143, "percent_covered": 69.93006993006993, "percent_covered_display": "70", "missing_lines": 43, "excluded_lines": 0, "percent_statements_covered": 69.93006993006993, "percent_statements_covered_display": "70"}, "missing_lines": [69, 70, 73, 74, 82, 83, 86, 115, 116, 119, 139, 143, 144, 147, 174, 175, 176, 177, 178, 179, 195, 196, 199, 228, 229, 230, 232, 233, 239, 240, 241, 242, 246, 247, 248, 249, 250, 251, 252, 254, 256, 258, 261], "excluded_lines": []}}}}, "totals": {"covered_lines": 1642, "num_statements": 3223, "percent_covered": 50.94632330127211, "percent_covered_display": "51", "missing_lines": 1581, "excluded_lines": 0, "percent_statements_covered": 50.94632330127211, "percent_statements_covered_display": "51"}}